Log file open, 12/11/19 14:17:29
LogWindows: Failed to load 'aqProf.dll' (GetLastError=126)
LogWindows: File 'aqProf.dll' does not exist
LogWindows: Failed to load 'VtuneApi.dll' (GetLastError=126)
LogWindows: File 'VtuneApi.dll' does not exist
LogWindows: Failed to load 'VtuneApi32e.dll' (GetLastError=126)
LogWindows: File 'VtuneApi32e.dll' does not exist
LogConsoleResponse: Display: Failed to find resolution value strings in scalability ini. Falling back to default.
LogInit: Display: Running engine for game: SpaceRoguelike
LogPlatformFile: Not using cached read wrapper
LogTaskGraph: Started task graph with 5 named threads and 23 total threads with 3 sets of task threads.
LogStats: Stats thread started at 0.105067
LogD3D11RHI: Loaded GFSDK_Aftermath_Lib.x64.dll
LogICUInternationalization: ICU TimeZone Detection - Raw Offset: +1:00, Platform Override: ''
LogPluginManager: Mounting plugin Paper2D
LogPluginManager: Mounting plugin AISupport
LogPluginManager: Mounting plugin LightPropagationVolume
LogPluginManager: Mounting plugin ActorLayerUtilities
LogPluginManager: Mounting plugin AnimationSharing
LogPluginManager: Mounting plugin CLionSourceCodeAccess
LogPluginManager: Mounting plugin CodeLiteSourceCodeAccess
LogPluginManager: Mounting plugin GitSourceControl
LogPluginManager: Mounting plugin KDevelopSourceCodeAccess
LogPluginManager: Mounting plugin NullSourceCodeAccess
LogPluginManager: Mounting plugin PerforceSourceControl
LogPluginManager: Mounting plugin SubversionSourceControl
LogPluginManager: Mounting plugin UObjectPlugin
LogPluginManager: Mounting plugin VisualStudioCodeSourceCodeAccess
LogPluginManager: Mounting plugin VisualStudioSourceCodeAccess
LogPluginManager: Mounting plugin XCodeSourceCodeAccess
LogPluginManager: Mounting plugin AssetManagerEditor
LogPluginManager: Mounting plugin CryptoKeys
LogPluginManager: Mounting plugin CurveEditorTools
LogPluginManager: Mounting plugin DataValidation
LogPluginManager: Mounting plugin FacialAnimation
LogPluginManager: Mounting plugin GameplayTagsEditor
LogPluginManager: Mounting plugin MacGraphicsSwitching
LogPluginManager: Mounting plugin MaterialAnalyzer
LogPluginManager: Mounting plugin MobileLauncherProfileWizard
LogPluginManager: Mounting plugin PluginBrowser
LogPluginManager: Mounting plugin SpeedTreeImporter
LogPluginManager: Mounting plugin DatasmithContent
LogPluginManager: Mounting plugin VariantManagerContent
LogPluginManager: Mounting plugin AlembicImporter
LogPluginManager: Mounting plugin AutomationUtils
LogPluginManager: Mounting plugin BackChannel
LogPluginManager: Mounting plugin CharacterAI
LogPluginManager: Mounting plugin GeometryCache
LogPluginManager: Mounting plugin HTML5Networking
LogPluginManager: Mounting plugin PlatformCrypto
LogPluginManager: Mounting plugin ProxyLODPlugin
LogPluginManager: Mounting plugin SkeletalReduction
LogPluginManager: Mounting plugin MagicLeap
LogPluginManager: Mounting plugin MagicLeapMedia
LogPluginManager: Mounting plugin AndroidMedia
LogPluginManager: Mounting plugin AvfMedia
LogPluginManager: Mounting plugin ImgMedia
LogPluginManager: Mounting plugin MediaCompositing
LogPluginManager: Mounting plugin MediaPlayerEditor
LogPluginManager: Mounting plugin WebMMedia
LogPluginManager: Mounting plugin WmfMedia
LogPluginManager: Mounting plugin TcpMessaging
LogPluginManager: Mounting plugin UdpMessaging
LogPluginManager: Mounting plugin ActorSequence
LogPluginManager: Mounting plugin LevelSequenceEditor
LogPluginManager: Mounting plugin MatineeToLevelSequence
LogPluginManager: Mounting plugin NetcodeUnitTest
LogPluginManager: Mounting plugin NUTUnrealEngine4
LogPluginManager: Mounting plugin OnlineSubsystemGooglePlay
LogPluginManager: Mounting plugin OnlineSubsystemIOS
LogPluginManager: Mounting plugin OnlineSubsystem
LogPluginManager: Mounting plugin OnlineSubsystemNull
LogPluginManager: Mounting plugin OnlineSubsystemUtils
LogPluginManager: Mounting plugin LauncherChunkInstaller
LogPluginManager: Mounting plugin AndroidDeviceProfileSelector
LogPluginManager: Mounting plugin AndroidMoviePlayer
LogPluginManager: Mounting plugin AndroidPermission
LogPluginManager: Mounting plugin AppleImageUtils
LogPluginManager: Mounting plugin AppleMoviePlayer
LogPluginManager: Mounting plugin ArchVisCharacter
LogPluginManager: Mounting plugin AudioCapture
LogPluginManager: Mounting plugin CableComponent
LogPluginManager: Mounting plugin CustomMeshComponent
LogPluginManager: Mounting plugin EditableMesh
LogPluginManager: Mounting plugin ExampleDeviceProfileSelector
LogPluginManager: Mounting plugin GoogleCloudMessaging
LogPluginManager: Mounting plugin IOSDeviceProfileSelector
LogPluginManager: Mounting plugin LinuxDeviceProfileSelector
LogPluginManager: Mounting plugin LocationServicesBPLibrary
LogPluginManager: Mounting plugin MobilePatchingUtils
LogPluginManager: Mounting plugin OculusVR
LogPluginManager: Mounting plugin PhysXVehicles
LogPluginManager: Mounting plugin ProceduralMeshComponent
LogPluginManager: Mounting plugin RuntimePhysXCooking
LogPluginManager: Mounting plugin SignificanceManager
LogPluginManager: Mounting plugin SteamVR
LogPluginManager: Mounting plugin WebMMoviePlayer
LogPluginManager: Mounting plugin WindowsMoviePlayer
LogPluginManager: Mounting plugin ScreenshotTools
LogInit: Using libcurl 7.55.1-DEV
LogInit:  - built for x86_64-pc-win32
LogInit:  - supports SSL with OpenSSL/1.1.1
LogInit:  - supports HTTP deflate (compression) using libz 1.2.8
LogInit:  - other features:
LogInit:      CURL_VERSION_SSL
LogInit:      CURL_VERSION_LIBZ
LogInit:      CURL_VERSION_IPV6
LogInit:      CURL_VERSION_ASYNCHDNS
LogInit:      CURL_VERSION_LARGEFILE
LogInit:      CURL_VERSION_IDN
LogInit:  CurlRequestOptions (configurable via config and command line):
LogInit:  - bVerifyPeer = true  - Libcurl will verify peer certificate
LogInit:  - bUseHttpProxy = false  - Libcurl will NOT use HTTP proxy
LogInit:  - bDontReuseConnections = false  - Libcurl will reuse connections
LogInit:  - MaxHostConnections = 16  - Libcurl will limit the number of connections to a host
LogInit:  - LocalHostAddr = Default
LogInit:  - BufferSize = 65536
LogOnline: OSS: Creating online subsystem instance for: NULL
LogInit: WinSock: version 1.1 (2.2), MaxSocks=32767, MaxUdp=65467
LogInit: Build: ++UE4+Release-4.23-CL-9631420
LogInit: Engine Version: 4.23.1-9631420+++UE4+Release-4.23
LogInit: Compatible Engine Version: 4.23.0-8386587+++UE4+Release-4.23
LogInit: Net CL: 8386587
LogInit: OS: Windows 10 (Release 1809) (), CPU: Intel(R) Core(TM) i7-4700MQ CPU @ 2.40GHz, GPU: Intel(R) HD Graphics 4600
LogInit: Compiled (64-bit): Oct 18 2019 02:07:44
LogInit: Compiled with Visual C++: 19.16.27030.01
LogInit: Build Configuration: Development
LogInit: Branch Name: ++UE4+Release-4.23
LogInit: Command Line: 
LogInit: Base Directory: C:/Program Files/Epic Games/UE_4.23/Engine/Binaries/Win64/
LogInit: Installed Engine Build: 1
LogDevObjectVersion: Number of dev versions registered: 23
LogDevObjectVersion:   Dev-Blueprints (B0D832E4-1F89-4F0D-ACCF-7EB736FD4AA2): 10
LogDevObjectVersion:   Dev-Build (E1C64328-A22C-4D53-A36C-8E866417BD8C): 0
LogDevObjectVersion:   Dev-Core (375EC13C-06E4-48FB-B500-84F0262A717E): 3
LogDevObjectVersion:   Dev-Editor (E4B068ED-F494-42E9-A231-DA0B2E46BB41): 34
LogDevObjectVersion:   Dev-Framework (CFFC743F-43B0-4480-9391-14DF171D2073): 35
LogDevObjectVersion:   Dev-Mobile (B02B49B5-BB20-44E9-A304-32B752E40360): 2
LogDevObjectVersion:   Dev-Networking (A4E4105C-59A1-49B5-A7C5-40C4547EDFEE): 0
LogDevObjectVersion:   Dev-Online (39C831C9-5AE6-47DC-9A44-9C173E1C8E7C): 0
LogDevObjectVersion:   Dev-Physics (78F01B33-EBEA-4F98-B9B4-84EACCB95AA2): 0
LogDevObjectVersion:   Dev-Platform (6631380F-2D4D-43E0-8009-CF276956A95A): 0
LogDevObjectVersion:   Dev-Rendering (12F88B9F-8875-4AFC-A67C-D90C383ABD29): 31
LogDevObjectVersion:   Dev-Sequencer (7B5AE74C-D270-4C10-A958-57980B212A5A): 11
LogDevObjectVersion:   Dev-VR (D7296918-1DD6-4BDD-9DE2-64A83CC13884): 2
LogDevObjectVersion:   Dev-LoadTimes (C2A15278-BFE7-4AFE-6C17-90FF531DF755): 1
LogDevObjectVersion:   Private-Geometry (6EACA3D4-40EC-4CC1-B786-8BED09428FC5): 3
LogDevObjectVersion:   Dev-AnimPhys (29E575DD-E0A3-4627-9D10-D276232CDCEA): 17
LogDevObjectVersion:   Dev-Anim (AF43A65D-7FD3-4947-9873-3E8ED9C1BB05): 2
LogDevObjectVersion:   Dev-ReflectionCapture (6B266CEC-1EC7-4B8F-A30B-E4D90942FC07): 1
LogDevObjectVersion:   Dev-Automation (0DF73D61-A23F-47EA-B727-89E90C41499A): 1
LogDevObjectVersion:   FortniteMain (601D1886-AC64-4F84-AA16-D3DE0DEAC7D6): 27
LogDevObjectVersion:   Dev-Enterprise (9DFFBCD6-494F-0158-E221-12823C92A888): 6
LogDevObjectVersion:   Dev-Niagara (F2AED0AC-9AFE-416F-8664-AA7FFA26D6FC): 1
LogDevObjectVersion:   Dev-Destruction (174F1F0B-B4C6-45A5-B13F-2EE8D0FB917D): 9
LogInit: Presizing for max 16777216 objects, including 0 objects not considered by GC, pre-allocating 0 bytes for permanent pool.
LogInit: Object subsystem initialized
LogConfig: Setting CVar [[con.DebugEarlyDefault:1]]
LogConfig: Setting CVar [[r.setres:1280x720]]
[2019.12.11-13.17.30:170][  0]LogConfig: Setting CVar [[r.VSync:0]]
[2019.12.11-13.17.30:170][  0]LogConfig: Setting CVar [[r.RHICmdBypass:0]]
[2019.12.11-13.17.30:170][  0]LogConfig: Applying CVar settings from Section [/Script/Engine.RendererSettings] File [C:/Users/Noah/Documents/GitHub/ShooterRogue/SpaceRoguelike/Saved/Config/Windows/Engine.ini]
[2019.12.11-13.17.30:170][  0]LogConfig: Setting CVar [[r.GPUCrashDebugging:0]]
[2019.12.11-13.17.30:170][  0]LogConfig: Setting CVar [[r.MobileHDR:1]]
[2019.12.11-13.17.30:170][  0]LogConfig: Setting CVar [[r.Mobile.DisableVertexFog:1]]
[2019.12.11-13.17.30:170][  0]LogConfig: Setting CVar [[r.Shadow.CSM.MaxMobileCascades:2]]
[2019.12.11-13.17.30:170][  0]LogConfig: Setting CVar [[r.MobileMSAA:1]]
[2019.12.11-13.17.30:170][  0]LogConfig: Setting CVar [[r.Mobile.UseLegacyShadingModel:0]]
[2019.12.11-13.17.30:170][  0]LogConfig: Setting CVar [[r.Mobile.UseHWsRGBEncoding:0]]
[2019.12.11-13.17.30:170][  0]LogConfig: Setting CVar [[r.Mobile.AllowDitheredLODTransition:0]]
[2019.12.11-13.17.30:171][  0]LogConfig: Setting CVar [[r.Mobile.AllowSoftwareOcclusion:0]]
[2019.12.11-13.17.30:171][  0]LogConfig: Setting CVar [[r.DiscardUnusedQuality:0]]
[2019.12.11-13.17.30:171][  0]LogConfig: Setting CVar [[r.AllowOcclusionQueries:1]]
[2019.12.11-13.17.30:171][  0]LogConfig: Setting CVar [[r.MinScreenRadiusForLights:0.030000]]
[2019.12.11-13.17.30:171][  0]LogConfig: Setting CVar [[r.MinScreenRadiusForDepthPrepass:0.030000]]
[2019.12.11-13.17.30:171][  0]LogConfig: Setting CVar [[r.MinScreenRadiusForCSMDepth:0.010000]]
[2019.12.11-13.17.30:171][  0]LogConfig: Setting CVar [[r.PrecomputedVisibilityWarning:0]]
[2019.12.11-13.17.30:171][  0]LogConfig: Setting CVar [[r.TextureStreaming:1]]
[2019.12.11-13.17.30:171][  0]LogConfig: Setting CVar [[Compat.UseDXT5NormalMaps:0]]
[2019.12.11-13.17.30:171][  0]LogConfig: Setting CVar [[r.VirtualTextures:0]]
[2019.12.11-13.17.30:171][  0]LogConfig: Setting CVar [[r.VirtualTexturedLightmaps:0]]
[2019.12.11-13.17.30:171][  0]LogConfig: Setting CVar [[r.VT.TileSize:128]]
[2019.12.11-13.17.30:171][  0]LogConfig: Setting CVar [[r.VT.TileBorderSize:4]]
[2019.12.11-13.17.30:171][  0]LogConfig: Setting CVar [[r.vt.FeedbackFactor:16]]
[2019.12.11-13.17.30:171][  0]LogConfig: Setting CVar [[r.VT.EnableCompressZlib:1]]
[2019.12.11-13.17.30:171][  0]LogConfig: Setting CVar [[r.VT.EnableCompressCrunch:0]]
[2019.12.11-13.17.30:171][  0]LogConfig: Setting CVar [[r.ClearCoatNormal:0]]
[2019.12.11-13.17.30:171][  0]LogConfig: Setting CVar [[r.ReflectionCaptureResolution:128]]
[2019.12.11-13.17.30:171][  0]LogConfig: Setting CVar [[r.ReflectionEnvironmentLightmapMixBasedOnRoughness:1]]
[2019.12.11-13.17.30:171][  0]LogConfig: Setting CVar [[r.ForwardShading:0]]
[2019.12.11-13.17.30:171][  0]LogConfig: Setting CVar [[r.VertexFoggingForOpaque:1]]
[2019.12.11-13.17.30:171][  0]LogConfig: Setting CVar [[r.AllowStaticLighting:1]]
[2019.12.11-13.17.30:171][  0]LogConfig: Setting CVar [[r.NormalMapsForStaticLighting:0]]
[2019.12.11-13.17.30:171][  0]LogConfig: Setting CVar [[r.GenerateMeshDistanceFields:0]]
[2019.12.11-13.17.30:171][  0]LogConfig: Setting CVar [[r.DistanceFieldBuild.EightBit:0]]
[2019.12.11-13.17.30:171][  0]LogConfig: Setting CVar [[r.GenerateLandscapeGIData:0]]
[2019.12.11-13.17.30:171][  0]LogConfig: Setting CVar [[r.DistanceFieldBuild.Compress:0]]
[2019.12.11-13.17.30:171][  0]LogConfig: Setting CVar [[r.TessellationAdaptivePixelsPerTriangle:48.000000]]
[2019.12.11-13.17.30:171][  0]LogConfig: Setting CVar [[r.SeparateTranslucency:1]]
[2019.12.11-13.17.30:171][  0]LogConfig: Setting CVar [[r.TranslucentSortPolicy:0]]
[2019.12.11-13.17.30:171][  0]LogConfig: Setting CVar [[r.CustomDepth:1]]
[2019.12.11-13.17.30:171][  0]LogConfig: Setting CVar [[r.CustomDepthTemporalAAJitter:1]]
[2019.12.11-13.17.30:171][  0]LogConfig: Setting CVar [[r.PostProcessing.PropagateAlpha:0]]
[2019.12.11-13.17.30:171][  0]LogConfig: Setting CVar [[r.DefaultFeature.Bloom:1]]
[2019.12.11-13.17.30:171][  0]LogConfig: Setting CVar [[r.DefaultFeature.AmbientOcclusion:1]]
[2019.12.11-13.17.30:171][  0]LogConfig: Setting CVar [[r.DefaultFeature.AmbientOcclusionStaticFraction:1]]
[2019.12.11-13.17.30:171][  0]LogConfig: Setting CVar [[r.DefaultFeature.AutoExposure:1]]
[2019.12.11-13.17.30:171][  0]LogConfig: Setting CVar [[r.DefaultFeature.AutoExposure.Method:0]]
[2019.12.11-13.17.30:171][  0]LogConfig: Setting CVar [[r.DefaultFeature.AutoExposure.ExtendDefaultLuminanceRange:0]]
[2019.12.11-13.17.30:171][  0]LogConfig: Setting CVar [[r.UsePreExposure:1]]
[2019.12.11-13.17.30:171][  0]LogConfig: Setting CVar [[r.EyeAdaptation.EditorOnly:1]]
[2019.12.11-13.17.30:171][  0]LogConfig: Setting CVar [[r.DefaultFeature.MotionBlur:1]]
[2019.12.11-13.17.30:171][  0]LogConfig: Setting CVar [[r.DefaultFeature.LensFlare:0]]
[2019.12.11-13.17.30:171][  0]LogConfig: Setting CVar [[r.TemporalAA.Upsampling:0]]
[2019.12.11-13.17.30:171][  0]LogConfig: Setting CVar [[r.DefaultFeature.AntiAliasing:2]]
[2019.12.11-13.17.30:171][  0]LogConfig: Setting CVar [[r.DefaultFeature.LightUnits:1]]
[2019.12.11-13.17.30:171][  0]LogConfig: Setting CVar [[r.DefaultBackBufferPixelFormat:4]]
[2019.12.11-13.17.30:171][  0]LogConfig: Setting CVar [[r.Shadow.UnbuiltPreviewInGame:1]]
[2019.12.11-13.17.30:171][  0]LogConfig: Setting CVar [[r.StencilForLODDither:0]]
[2019.12.11-13.17.30:171][  0]LogConfig: Setting CVar [[r.EarlyZPass:3]]
[2019.12.11-13.17.30:171][  0]LogConfig: Setting CVar [[r.EarlyZPassOnlyMaterialMasking:0]]
[2019.12.11-13.17.30:171][  0]LogConfig: Setting CVar [[r.DBuffer:1]]
[2019.12.11-13.17.30:172][  0]LogConfig: Setting CVar [[r.ClearSceneMethod:1]]
[2019.12.11-13.17.30:172][  0]LogConfig: Setting CVar [[r.BasePassOutputsVelocity:0]]
[2019.12.11-13.17.30:172][  0]LogConfig: Setting CVar [[r.SelectiveBasePassOutputs:0]]
[2019.12.11-13.17.30:172][  0]LogConfig: Setting CVar [[fx.GPUSimulationTextureSizeX:1024]]
[2019.12.11-13.17.30:172][  0]LogConfig: Setting CVar [[fx.GPUSimulationTextureSizeY:1024]]
[2019.12.11-13.17.30:172][  0]LogConfig: Setting CVar [[r.AllowGlobalClipPlane:0]]
[2019.12.11-13.17.30:172][  0]LogConfig: Setting CVar [[r.GBufferFormat:1]]
[2019.12.11-13.17.30:172][  0]LogConfig: Setting CVar [[r.MorphTarget.Mode:1]]
[2019.12.11-13.17.30:172][  0]LogConfig: Setting CVar [[vr.InstancedStereo:0]]
[2019.12.11-13.17.30:172][  0]LogConfig: Setting CVar [[vr.MultiView:0]]
[2019.12.11-13.17.30:172][  0]LogConfig: Setting CVar [[vr.MobileMultiView:0]]
[2019.12.11-13.17.30:172][  0]LogConfig: Setting CVar [[vr.MobileMultiView.Direct:0]]
[2019.12.11-13.17.30:172][  0]LogConfig: Setting CVar [[vr.RoundRobinOcclusion:0]]
[2019.12.11-13.17.30:172][  0]LogConfig: Setting CVar [[vr.ODSCapture:0]]
[2019.12.11-13.17.30:172][  0]LogConfig: Setting CVar [[r.WireframeCullThreshold:5.000000]]
[2019.12.11-13.17.30:172][  0]LogConfig: Setting CVar [[r.RayTracing:0]]
[2019.12.11-13.17.30:172][  0]LogConfig: Setting CVar [[r.SupportStationarySkylight:1]]
[2019.12.11-13.17.30:172][  0]LogConfig: Setting CVar [[r.SupportLowQualityLightmaps:1]]
[2019.12.11-13.17.30:172][  0]LogConfig: Setting CVar [[r.SupportPointLightWholeSceneShadows:1]]
[2019.12.11-13.17.30:172][  0]LogConfig: Setting CVar [[r.SupportAtmosphericFog:1]]
[2019.12.11-13.17.30:172][  0]LogConfig: Setting CVar [[r.SkinCache.CompileShaders:0]]
[2019.12.11-13.17.30:172][  0]LogConfig: Setting CVar [[r.Mobile.EnableStaticAndCSMShadowReceivers:1]]
[2019.12.11-13.17.30:172][  0]LogConfig: Setting CVar [[r.Mobile.EnableMovableLightCSMShaderCulling:1]]
[2019.12.11-13.17.30:172][  0]LogConfig: Setting CVar [[r.Mobile.AllowDistanceFieldShadows:1]]
[2019.12.11-13.17.30:172][  0]LogConfig: Setting CVar [[r.Mobile.AllowMovableDirectionalLights:1]]
[2019.12.11-13.17.30:172][  0]LogConfig: Setting CVar [[r.MobileNumDynamicPointLights:4]]
[2019.12.11-13.17.30:172][  0]LogConfig: Setting CVar [[r.MobileDynamicPointLightsUseStaticBranch:1]]
[2019.12.11-13.17.30:172][  0]LogConfig: Setting CVar [[r.Mobile.EnableMovableSpotlights:0]]
[2019.12.11-13.17.30:172][  0]LogConfig: Setting CVar [[r.SkinCache.SceneMemoryLimitInMB:128.000000]]
[2019.12.11-13.17.30:172][  0]LogConfig: Setting CVar [[r.GPUSkin.Limit2BoneInfluences:0]]
[2019.12.11-13.17.30:172][  0]LogConfig: Setting CVar [[r.SupportDepthOnlyIndexBuffers:1]]
[2019.12.11-13.17.30:172][  0]LogConfig: Setting CVar [[r.SupportReversedIndexBuffers:1]]
[2019.12.11-13.17.30:172][  0]LogConfig: Setting CVar [[r.SupportMaterialLayers:0]]
[2019.12.11-13.17.30:172][  0]LogConfig: Applying CVar settings from Section [/Script/Engine.RendererOverrideSettings] File [C:/Users/Noah/Documents/GitHub/ShooterRogue/SpaceRoguelike/Saved/Config/Windows/Engine.ini]
[2019.12.11-13.17.30:172][  0]LogConfig: Applying CVar settings from Section [/Script/Engine.StreamingSettings] File [C:/Users/Noah/Documents/GitHub/ShooterRogue/SpaceRoguelike/Saved/Config/Windows/Engine.ini]
[2019.12.11-13.17.30:172][  0]LogConfig: Setting CVar [[s.MinBulkDataSizeForAsyncLoading:131072]]
[2019.12.11-13.17.30:172][  0]LogConfig: Setting CVar [[s.AsyncLoadingThreadEnabled:0]]
[2019.12.11-13.17.30:172][  0]LogConfig: Setting CVar [[s.EventDrivenLoaderEnabled:1]]
[2019.12.11-13.17.30:172][  0]LogConfig: Setting CVar [[s.WarnIfTimeLimitExceeded:0]]
[2019.12.11-13.17.30:172][  0]LogConfig: Setting CVar [[s.TimeLimitExceededMultiplier:1.5]]
[2019.12.11-13.17.30:172][  0]LogConfig: Setting CVar [[s.TimeLimitExceededMinTime:0.005]]
[2019.12.11-13.17.30:172][  0]LogConfig: Setting CVar [[s.UseBackgroundLevelStreaming:1]]
[2019.12.11-13.17.30:172][  0]LogConfig: Setting CVar [[s.PriorityAsyncLoadingExtraTime:15.0]]
[2019.12.11-13.17.30:172][  0]LogConfig: Setting CVar [[s.LevelStreamingActorsUpdateTimeLimit:5.0]]
[2019.12.11-13.17.30:172][  0]LogConfig: Setting CVar [[s.PriorityLevelStreamingActorsUpdateExtraTime:5.0]]
[2019.12.11-13.17.30:172][  0]LogConfig: Setting CVar [[s.LevelStreamingComponentsRegistrationGranularity:10]]
[2019.12.11-13.17.30:172][  0]LogConfig: Setting CVar [[s.UnregisterComponentsTimeLimit:1.0]]
[2019.12.11-13.17.30:172][  0]LogConfig: Setting CVar [[s.LevelStreamingComponentsUnregistrationGranularity:5]]
[2019.12.11-13.17.30:172][  0]LogConfig: Applying CVar settings from Section [/Script/Engine.GarbageCollectionSettings] File [C:/Users/Noah/Documents/GitHub/ShooterRogue/SpaceRoguelike/Saved/Config/Windows/Engine.ini]
[2019.12.11-13.17.30:172][  0]LogConfig: Setting CVar [[gc.MaxObjectsNotConsideredByGC:1]]
[2019.12.11-13.17.30:172][  0]LogConfig: Setting CVar [[gc.SizeOfPermanentObjectPool:0]]
[2019.12.11-13.17.30:172][  0]LogConfig: Setting CVar [[gc.FlushStreamingOnGC:0]]
[2019.12.11-13.17.30:172][  0]LogConfig: Setting CVar [[gc.NumRetriesBeforeForcingGC:10]]
[2019.12.11-13.17.30:172][  0]LogConfig: Setting CVar [[gc.AllowParallelGC:1]]
[2019.12.11-13.17.30:172][  0]LogConfig: Setting CVar [[gc.TimeBetweenPurgingPendingKillObjects:61.1]]
[2019.12.11-13.17.30:172][  0]LogConfig: Setting CVar [[gc.MaxObjectsInEditor:16777216]]
[2019.12.11-13.17.30:172][  0]LogConfig: Setting CVar [[gc.IncrementalBeginDestroyEnabled:1]]
[2019.12.11-13.17.30:172][  0]LogConfig: Setting CVar [[gc.CreateGCClusters:1]]
[2019.12.11-13.17.30:172][  0]LogConfig: Setting CVar [[gc.MinGCClusterSize:5]]
[2019.12.11-13.17.30:172][  0]LogConfig: Setting CVar [[gc.ActorClusteringEnabled:0]]
[2019.12.11-13.17.30:173][  0]LogConfig: Setting CVar [[gc.BlueprintClusteringEnabled:0]]
[2019.12.11-13.17.30:173][  0]LogConfig: Setting CVar [[gc.UseDisregardForGCOnDedicatedServers:0]]
[2019.12.11-13.17.30:173][  0]LogConfig: Applying CVar settings from Section [/Script/Engine.NetworkSettings] File [C:/Users/Noah/Documents/GitHub/ShooterRogue/SpaceRoguelike/Saved/Config/Windows/Engine.ini]
[2019.12.11-13.17.30:173][  0]LogConfig: Applying CVar settings from Section [/Script/UnrealEd.CookerSettings] File [C:/Users/Noah/Documents/GitHub/ShooterRogue/SpaceRoguelike/Saved/Config/Windows/Engine.ini]
[2019.12.11-13.17.30:177][  0]LogConfig: Applying CVar settings from Section [ViewDistanceQuality@3] File [C:/Users/Noah/Documents/GitHub/ShooterRogue/SpaceRoguelike/Saved/Config/Windows/Scalability.ini]
[2019.12.11-13.17.30:177][  0]LogConfig: Setting CVar [[r.SkeletalMeshLODBias:0]]
[2019.12.11-13.17.30:177][  0]LogConfig: Setting CVar [[r.ViewDistanceScale:1.0]]
[2019.12.11-13.17.30:177][  0]LogConfig: Applying CVar settings from Section [AntiAliasingQuality@3] File [C:/Users/Noah/Documents/GitHub/ShooterRogue/SpaceRoguelike/Saved/Config/Windows/Scalability.ini]
[2019.12.11-13.17.30:177][  0]LogConfig: Setting CVar [[r.PostProcessAAQuality:4]]
[2019.12.11-13.17.30:177][  0]LogConfig: Applying CVar settings from Section [ShadowQuality@3] File [C:/Users/Noah/Documents/GitHub/ShooterRogue/SpaceRoguelike/Saved/Config/Windows/Scalability.ini]
[2019.12.11-13.17.30:177][  0]LogConfig: Setting CVar [[r.LightFunctionQuality:1]]
[2019.12.11-13.17.30:177][  0]LogConfig: Setting CVar [[r.ShadowQuality:5]]
[2019.12.11-13.17.30:177][  0]LogConfig: Setting CVar [[r.Shadow.CSM.MaxCascades:10]]
[2019.12.11-13.17.30:177][  0]LogConfig: Setting CVar [[r.Shadow.MaxResolution:2048]]
[2019.12.11-13.17.30:177][  0]LogConfig: Setting CVar [[r.Shadow.MaxCSMResolution:2048]]
[2019.12.11-13.17.30:177][  0]LogConfig: Setting CVar [[r.Shadow.RadiusThreshold:0.01]]
[2019.12.11-13.17.30:177][  0]LogConfig: Setting CVar [[r.Shadow.DistanceScale:1.0]]
[2019.12.11-13.17.30:177][  0]LogConfig: Setting CVar [[r.Shadow.CSM.TransitionScale:1.0]]
[2019.12.11-13.17.30:177][  0]LogConfig: Setting CVar [[r.Shadow.PreShadowResolutionFactor:1.0]]
[2019.12.11-13.17.30:177][  0]LogConfig: Setting CVar [[r.DistanceFieldShadowing:1]]
[2019.12.11-13.17.30:177][  0]LogConfig: Setting CVar [[r.DistanceFieldAO:1]]
[2019.12.11-13.17.30:177][  0]LogConfig: Setting CVar [[r.AOQuality:2]]
[2019.12.11-13.17.30:177][  0]LogConfig: Setting CVar [[r.VolumetricFog:1]]
[2019.12.11-13.17.30:177][  0]LogConfig: Setting CVar [[r.VolumetricFog.GridPixelSize:8]]
[2019.12.11-13.17.30:177][  0]LogConfig: Setting CVar [[r.VolumetricFog.GridSizeZ:128]]
[2019.12.11-13.17.30:177][  0]LogConfig: Setting CVar [[r.VolumetricFog.HistoryMissSupersampleCount:4]]
[2019.12.11-13.17.30:177][  0]LogConfig: Setting CVar [[r.LightMaxDrawDistanceScale:1]]
[2019.12.11-13.17.30:177][  0]LogConfig: Setting CVar [[r.CapsuleShadows:1]]
[2019.12.11-13.17.30:177][  0]LogConfig: Applying CVar settings from Section [PostProcessQuality@3] File [C:/Users/Noah/Documents/GitHub/ShooterRogue/SpaceRoguelike/Saved/Config/Windows/Scalability.ini]
[2019.12.11-13.17.30:177][  0]LogConfig: Setting CVar [[r.MotionBlurQuality:4]]
[2019.12.11-13.17.30:177][  0]LogConfig: Setting CVar [[r.AmbientOcclusionMipLevelFactor:0.4]]
[2019.12.11-13.17.30:177][  0]LogConfig: Setting CVar [[r.AmbientOcclusionMaxQuality:100]]
[2019.12.11-13.17.30:177][  0]LogConfig: Setting CVar [[r.AmbientOcclusionLevels:-1]]
[2019.12.11-13.17.30:177][  0]LogConfig: Setting CVar [[r.AmbientOcclusionRadiusScale:1.0]]
[2019.12.11-13.17.30:177][  0]LogConfig: Setting CVar [[r.DepthOfFieldQuality:2]]
[2019.12.11-13.17.30:177][  0]LogConfig: Setting CVar [[r.RenderTargetPoolMin:400]]
[2019.12.11-13.17.30:177][  0]LogConfig: Setting CVar [[r.LensFlareQuality:2]]
[2019.12.11-13.17.30:177][  0]LogConfig: Setting CVar [[r.SceneColorFringeQuality:1]]
[2019.12.11-13.17.30:177][  0]LogConfig: Setting CVar [[r.EyeAdaptationQuality:2]]
[2019.12.11-13.17.30:177][  0]LogConfig: Setting CVar [[r.BloomQuality:5]]
[2019.12.11-13.17.30:177][  0]LogConfig: Setting CVar [[r.FastBlurThreshold:100]]
[2019.12.11-13.17.30:177][  0]LogConfig: Setting CVar [[r.Upscale.Quality:3]]
[2019.12.11-13.17.30:177][  0]LogConfig: Setting CVar [[r.Tonemapper.GrainQuantization:1]]
[2019.12.11-13.17.30:178][  0]LogConfig: Setting CVar [[r.LightShaftQuality:1]]
[2019.12.11-13.17.30:178][  0]LogConfig: Setting CVar [[r.Filter.SizeScale:1]]
[2019.12.11-13.17.30:178][  0]LogConfig: Setting CVar [[r.Tonemapper.Quality:5]]
[2019.12.11-13.17.30:178][  0]LogConfig: Setting CVar [[r.DOF.Gather.AccumulatorQuality:1        ; higher gathering accumulator quality]]
[2019.12.11-13.17.30:178][  0]LogConfig: Setting CVar [[r.DOF.Gather.PostfilterMethod:1          ; Median3x3 postfilering method]]
[2019.12.11-13.17.30:178][  0]LogConfig: Setting CVar [[r.DOF.Gather.EnableBokehSettings:0       ; no bokeh simulation when gathering]]
[2019.12.11-13.17.30:178][  0]LogConfig: Setting CVar [[r.DOF.Gather.RingCount:4                 ; medium number of samples when gathering]]
[2019.12.11-13.17.30:178][  0]LogConfig: Setting CVar [[r.DOF.Scatter.ForegroundCompositing:1    ; additive foreground scattering]]
[2019.12.11-13.17.30:178][  0]LogConfig: Setting CVar [[r.DOF.Scatter.BackgroundCompositing:2    ; additive background scattering]]
[2019.12.11-13.17.30:178][  0]LogConfig: Setting CVar [[r.DOF.Scatter.EnableBokehSettings:1      ; bokeh simulation when scattering]]
[2019.12.11-13.17.30:178][  0]LogConfig: Setting CVar [[r.DOF.Scatter.MaxSpriteRatio:0.1         ; only a maximum of 10% of scattered bokeh]]
[2019.12.11-13.17.30:178][  0]LogConfig: Setting CVar [[r.DOF.Recombine.Quality:1                ; cheap slight out of focus]]
[2019.12.11-13.17.30:178][  0]LogConfig: Setting CVar [[r.DOF.Recombine.EnableBokehSettings:0    ; no bokeh simulation on slight out of focus]]
[2019.12.11-13.17.30:178][  0]LogConfig: Setting CVar [[r.DOF.TemporalAAQuality:1                ; more stable temporal accumulation]]
[2019.12.11-13.17.30:178][  0]LogConfig: Setting CVar [[r.DOF.Kernel.MaxForegroundRadius:0.025]]
[2019.12.11-13.17.30:178][  0]LogConfig: Setting CVar [[r.DOF.Kernel.MaxBackgroundRadius:0.025]]
[2019.12.11-13.17.30:178][  0]LogConfig: Applying CVar settings from Section [TextureQuality@3] File [C:/Users/Noah/Documents/GitHub/ShooterRogue/SpaceRoguelike/Saved/Config/Windows/Scalability.ini]
[2019.12.11-13.17.30:178][  0]LogConfig: Setting CVar [[r.Streaming.MipBias:0]]
[2019.12.11-13.17.30:178][  0]LogConfig: Setting CVar [[r.Streaming.AmortizeCPUToGPUCopy:0]]
[2019.12.11-13.17.30:178][  0]LogConfig: Setting CVar [[r.Streaming.MaxNumTexturesToStreamPerFrame:0]]
[2019.12.11-13.17.30:178][  0]LogConfig: Setting CVar [[r.Streaming.Boost:1]]
[2019.12.11-13.17.30:178][  0]LogConfig: Setting CVar [[r.MaxAnisotropy:8]]
[2019.12.11-13.17.30:178][  0]LogConfig: Setting CVar [[r.Streaming.LimitPoolSizeToVRAM:0]]
[2019.12.11-13.17.30:178][  0]LogConfig: Setting CVar [[r.Streaming.PoolSize:1000]]
[2019.12.11-13.17.30:178][  0]LogConfig: Setting CVar [[r.Streaming.MaxEffectiveScreenSize:0]]
[2019.12.11-13.17.30:178][  0]LogConfig: Applying CVar settings from Section [EffectsQuality@3] File [C:/Users/Noah/Documents/GitHub/ShooterRogue/SpaceRoguelike/Saved/Config/Windows/Scalability.ini]
[2019.12.11-13.17.30:178][  0]LogConfig: Setting CVar [[r.TranslucencyLightingVolumeDim:64]]
[2019.12.11-13.17.30:178][  0]LogConfig: Setting CVar [[r.RefractionQuality:2]]
[2019.12.11-13.17.30:178][  0]LogConfig: Setting CVar [[r.SSR.Quality:3]]
[2019.12.11-13.17.30:178][  0]LogConfig: Setting CVar [[r.SceneColorFormat:4]]
[2019.12.11-13.17.30:178][  0]LogConfig: Setting CVar [[r.DetailMode:2]]
[2019.12.11-13.17.30:178][  0]LogConfig: Setting CVar [[r.TranslucencyVolumeBlur:1]]
[2019.12.11-13.17.30:178][  0]LogConfig: Setting CVar [[r.MaterialQualityLevel:1 ; High quality]]
[2019.12.11-13.17.30:178][  0]LogConfig: Setting CVar [[r.SSS.Scale:1]]
[2019.12.11-13.17.30:178][  0]LogConfig: Setting CVar [[r.SSS.SampleSet:2]]
[2019.12.11-13.17.30:178][  0]LogConfig: Setting CVar [[r.SSS.Quality:1]]
[2019.12.11-13.17.30:178][  0]LogConfig: Setting CVar [[r.SSS.HalfRes:1]]
[2019.12.11-13.17.30:178][  0]LogConfig: Setting CVar [[r.EmitterSpawnRateScale:1.0]]
[2019.12.11-13.17.30:178][  0]LogConfig: Setting CVar [[r.ParticleLightQuality:2]]
[2019.12.11-13.17.30:178][  0]LogConfig: Applying CVar settings from Section [FoliageQuality@3] File [C:/Users/Noah/Documents/GitHub/ShooterRogue/SpaceRoguelike/Saved/Config/Windows/Scalability.ini]
[2019.12.11-13.17.30:178][  0]LogConfig: Setting CVar [[foliage.DensityScale:1.0]]
[2019.12.11-13.17.30:178][  0]LogConfig: Setting CVar [[grass.DensityScale:1.0]]
[2019.12.11-13.17.30:178][  0]LogInit: Selected Device Profile: [Windows]
[2019.12.11-13.17.30:178][  0]LogInit: Applying CVar settings loaded from the selected device profile: [Windows]
[2019.12.11-13.17.30:182][  0]LogHAL: Display: Platform has ~ 16 GB [17059344384 / 17179869184 / 16], which maps to Larger [LargestMinGB=32, LargerMinGB=12, DefaultMinGB=8, SmallerMinGB=6, SmallestMinGB=0)
[2019.12.11-13.17.30:182][  0]LogInit: Going up to parent DeviceProfile []
[2019.12.11-13.17.30:182][  0]LogConfig: Applying CVar settings from Section [ViewDistanceQuality@3] File [C:/Users/Noah/Documents/GitHub/ShooterRogue/SpaceRoguelike/Saved/Config/Windows/Scalability.ini]
[2019.12.11-13.17.30:182][  0]LogConfig: Setting CVar [[r.SkeletalMeshLODBias:0]]
[2019.12.11-13.17.30:182][  0]LogConfig: Setting CVar [[r.ViewDistanceScale:1.0]]
[2019.12.11-13.17.30:182][  0]LogConfig: Applying CVar settings from Section [AntiAliasingQuality@3] File [C:/Users/Noah/Documents/GitHub/ShooterRogue/SpaceRoguelike/Saved/Config/Windows/Scalability.ini]
[2019.12.11-13.17.30:182][  0]LogConfig: Setting CVar [[r.PostProcessAAQuality:4]]
[2019.12.11-13.17.30:182][  0]LogConfig: Applying CVar settings from Section [ShadowQuality@3] File [C:/Users/Noah/Documents/GitHub/ShooterRogue/SpaceRoguelike/Saved/Config/Windows/Scalability.ini]
[2019.12.11-13.17.30:182][  0]LogConfig: Setting CVar [[r.LightFunctionQuality:1]]
[2019.12.11-13.17.30:182][  0]LogConfig: Setting CVar [[r.ShadowQuality:5]]
[2019.12.11-13.17.30:182][  0]LogConfig: Setting CVar [[r.Shadow.CSM.MaxCascades:10]]
[2019.12.11-13.17.30:182][  0]LogConfig: Setting CVar [[r.Shadow.MaxResolution:2048]]
[2019.12.11-13.17.30:182][  0]LogConfig: Setting CVar [[r.Shadow.MaxCSMResolution:2048]]
[2019.12.11-13.17.30:182][  0]LogConfig: Setting CVar [[r.Shadow.RadiusThreshold:0.01]]
[2019.12.11-13.17.30:182][  0]LogConfig: Setting CVar [[r.Shadow.DistanceScale:1.0]]
[2019.12.11-13.17.30:182][  0]LogConfig: Setting CVar [[r.Shadow.CSM.TransitionScale:1.0]]
[2019.12.11-13.17.30:182][  0]LogConfig: Setting CVar [[r.Shadow.PreShadowResolutionFactor:1.0]]
[2019.12.11-13.17.30:182][  0]LogConfig: Setting CVar [[r.DistanceFieldShadowing:1]]
[2019.12.11-13.17.30:182][  0]LogConfig: Setting CVar [[r.DistanceFieldAO:1]]
[2019.12.11-13.17.30:182][  0]LogConfig: Setting CVar [[r.AOQuality:2]]
[2019.12.11-13.17.30:182][  0]LogConfig: Setting CVar [[r.VolumetricFog:1]]
[2019.12.11-13.17.30:182][  0]LogConfig: Setting CVar [[r.VolumetricFog.GridPixelSize:8]]
[2019.12.11-13.17.30:182][  0]LogConfig: Setting CVar [[r.VolumetricFog.GridSizeZ:128]]
[2019.12.11-13.17.30:182][  0]LogConfig: Setting CVar [[r.VolumetricFog.HistoryMissSupersampleCount:4]]
[2019.12.11-13.17.30:182][  0]LogConfig: Setting CVar [[r.LightMaxDrawDistanceScale:1]]
[2019.12.11-13.17.30:182][  0]LogConfig: Setting CVar [[r.CapsuleShadows:1]]
[2019.12.11-13.17.30:182][  0]LogConfig: Applying CVar settings from Section [PostProcessQuality@3] File [C:/Users/Noah/Documents/GitHub/ShooterRogue/SpaceRoguelike/Saved/Config/Windows/Scalability.ini]
[2019.12.11-13.17.30:182][  0]LogConfig: Setting CVar [[r.MotionBlurQuality:4]]
[2019.12.11-13.17.30:182][  0]LogConfig: Setting CVar [[r.AmbientOcclusionMipLevelFactor:0.4]]
[2019.12.11-13.17.30:182][  0]LogConfig: Setting CVar [[r.AmbientOcclusionMaxQuality:100]]
[2019.12.11-13.17.30:182][  0]LogConfig: Setting CVar [[r.AmbientOcclusionLevels:-1]]
[2019.12.11-13.17.30:182][  0]LogConfig: Setting CVar [[r.AmbientOcclusionRadiusScale:1.0]]
[2019.12.11-13.17.30:182][  0]LogConfig: Setting CVar [[r.DepthOfFieldQuality:2]]
[2019.12.11-13.17.30:183][  0]LogConfig: Setting CVar [[r.RenderTargetPoolMin:400]]
[2019.12.11-13.17.30:183][  0]LogConfig: Setting CVar [[r.LensFlareQuality:2]]
[2019.12.11-13.17.30:183][  0]LogConfig: Setting CVar [[r.SceneColorFringeQuality:1]]
[2019.12.11-13.17.30:183][  0]LogConfig: Setting CVar [[r.EyeAdaptationQuality:2]]
[2019.12.11-13.17.30:183][  0]LogConfig: Setting CVar [[r.BloomQuality:5]]
[2019.12.11-13.17.30:183][  0]LogConfig: Setting CVar [[r.FastBlurThreshold:100]]
[2019.12.11-13.17.30:183][  0]LogConfig: Setting CVar [[r.Upscale.Quality:3]]
[2019.12.11-13.17.30:183][  0]LogConfig: Setting CVar [[r.Tonemapper.GrainQuantization:1]]
[2019.12.11-13.17.30:183][  0]LogConfig: Setting CVar [[r.LightShaftQuality:1]]
[2019.12.11-13.17.30:183][  0]LogConfig: Setting CVar [[r.Filter.SizeScale:1]]
[2019.12.11-13.17.30:183][  0]LogConfig: Setting CVar [[r.Tonemapper.Quality:5]]
[2019.12.11-13.17.30:183][  0]LogConfig: Setting CVar [[r.DOF.Gather.AccumulatorQuality:1        ; higher gathering accumulator quality]]
[2019.12.11-13.17.30:183][  0]LogConfig: Setting CVar [[r.DOF.Gather.PostfilterMethod:1          ; Median3x3 postfilering method]]
[2019.12.11-13.17.30:183][  0]LogConfig: Setting CVar [[r.DOF.Gather.EnableBokehSettings:0       ; no bokeh simulation when gathering]]
[2019.12.11-13.17.30:183][  0]LogConfig: Setting CVar [[r.DOF.Gather.RingCount:4                 ; medium number of samples when gathering]]
[2019.12.11-13.17.30:183][  0]LogConfig: Setting CVar [[r.DOF.Scatter.ForegroundCompositing:1    ; additive foreground scattering]]
[2019.12.11-13.17.30:183][  0]LogConfig: Setting CVar [[r.DOF.Scatter.BackgroundCompositing:2    ; additive background scattering]]
[2019.12.11-13.17.30:183][  0]LogConfig: Setting CVar [[r.DOF.Scatter.EnableBokehSettings:1      ; bokeh simulation when scattering]]
[2019.12.11-13.17.30:183][  0]LogConfig: Setting CVar [[r.DOF.Scatter.MaxSpriteRatio:0.1         ; only a maximum of 10% of scattered bokeh]]
[2019.12.11-13.17.30:183][  0]LogConfig: Setting CVar [[r.DOF.Recombine.Quality:1                ; cheap slight out of focus]]
[2019.12.11-13.17.30:183][  0]LogConfig: Setting CVar [[r.DOF.Recombine.EnableBokehSettings:0    ; no bokeh simulation on slight out of focus]]
[2019.12.11-13.17.30:183][  0]LogConfig: Setting CVar [[r.DOF.TemporalAAQuality:1                ; more stable temporal accumulation]]
[2019.12.11-13.17.30:183][  0]LogConfig: Setting CVar [[r.DOF.Kernel.MaxForegroundRadius:0.025]]
[2019.12.11-13.17.30:183][  0]LogConfig: Setting CVar [[r.DOF.Kernel.MaxBackgroundRadius:0.025]]
[2019.12.11-13.17.30:183][  0]LogConfig: Applying CVar settings from Section [TextureQuality@3] File [C:/Users/Noah/Documents/GitHub/ShooterRogue/SpaceRoguelike/Saved/Config/Windows/Scalability.ini]
[2019.12.11-13.17.30:183][  0]LogConfig: Setting CVar [[r.Streaming.MipBias:0]]
[2019.12.11-13.17.30:183][  0]LogConfig: Setting CVar [[r.Streaming.AmortizeCPUToGPUCopy:0]]
[2019.12.11-13.17.30:183][  0]LogConfig: Setting CVar [[r.Streaming.MaxNumTexturesToStreamPerFrame:0]]
[2019.12.11-13.17.30:183][  0]LogConfig: Setting CVar [[r.Streaming.Boost:1]]
[2019.12.11-13.17.30:183][  0]LogConfig: Setting CVar [[r.MaxAnisotropy:8]]
[2019.12.11-13.17.30:183][  0]LogConfig: Setting CVar [[r.Streaming.LimitPoolSizeToVRAM:0]]
[2019.12.11-13.17.30:183][  0]LogConfig: Setting CVar [[r.Streaming.PoolSize:1000]]
[2019.12.11-13.17.30:183][  0]LogConfig: Setting CVar [[r.Streaming.MaxEffectiveScreenSize:0]]
[2019.12.11-13.17.30:183][  0]LogConfig: Applying CVar settings from Section [EffectsQuality@3] File [C:/Users/Noah/Documents/GitHub/ShooterRogue/SpaceRoguelike/Saved/Config/Windows/Scalability.ini]
[2019.12.11-13.17.30:183][  0]LogConfig: Setting CVar [[r.TranslucencyLightingVolumeDim:64]]
[2019.12.11-13.17.30:183][  0]LogConfig: Setting CVar [[r.RefractionQuality:2]]
[2019.12.11-13.17.30:183][  0]LogConfig: Setting CVar [[r.SSR.Quality:3]]
[2019.12.11-13.17.30:183][  0]LogConfig: Setting CVar [[r.SceneColorFormat:4]]
[2019.12.11-13.17.30:183][  0]LogConfig: Setting CVar [[r.DetailMode:2]]
[2019.12.11-13.17.30:183][  0]LogConfig: Setting CVar [[r.TranslucencyVolumeBlur:1]]
[2019.12.11-13.17.30:183][  0]LogConfig: Setting CVar [[r.MaterialQualityLevel:1 ; High quality]]
[2019.12.11-13.17.30:183][  0]LogConfig: Setting CVar [[r.SSS.Scale:1]]
[2019.12.11-13.17.30:183][  0]LogConfig: Setting CVar [[r.SSS.SampleSet:2]]
[2019.12.11-13.17.30:183][  0]LogConfig: Setting CVar [[r.SSS.Quality:1]]
[2019.12.11-13.17.30:183][  0]LogConfig: Setting CVar [[r.SSS.HalfRes:1]]
[2019.12.11-13.17.30:183][  0]LogConfig: Setting CVar [[r.EmitterSpawnRateScale:1.0]]
[2019.12.11-13.17.30:183][  0]LogConfig: Setting CVar [[r.ParticleLightQuality:2]]
[2019.12.11-13.17.30:183][  0]LogConfig: Applying CVar settings from Section [FoliageQuality@3] File [C:/Users/Noah/Documents/GitHub/ShooterRogue/SpaceRoguelike/Saved/Config/Windows/Scalability.ini]
[2019.12.11-13.17.30:183][  0]LogConfig: Setting CVar [[foliage.DensityScale:1.0]]
[2019.12.11-13.17.30:183][  0]LogConfig: Setting CVar [[grass.DensityScale:1.0]]
[2019.12.11-13.17.30:183][  0]LogConfig: Applying CVar settings from Section [Startup] File [../../../Engine/Config/ConsoleVariables.ini]
[2019.12.11-13.17.30:184][  0]LogConfig: Setting CVar [[net.UseAdaptiveNetUpdateFrequency:0]]
[2019.12.11-13.17.30:184][  0]LogConfig: Setting CVar [[p.chaos.AllowCreatePhysxBodies:1]]
[2019.12.11-13.17.30:184][  0]LogConfig: Applying CVar settings from Section [ConsoleVariables] File [C:/Users/Noah/Documents/GitHub/ShooterRogue/SpaceRoguelike/Saved/Config/Windows/Engine.ini]
[2019.12.11-13.17.30:184][  0]LogInit: Computer: DESKTOP-2J7LH9R
[2019.12.11-13.17.30:184][  0]LogInit: User: Noah
[2019.12.11-13.17.30:184][  0]LogInit: CPU Page size=4096, Cores=4
[2019.12.11-13.17.30:184][  0]LogInit: High frequency timer resolution =10.000000 MHz
[2019.12.11-13.17.30:184][  0]LogMemory: Memory total: Physical=15.9GB (16GB approx)
[2019.12.11-13.17.30:184][  0]LogMemory: Platform Memory Stats for Windows
[2019.12.11-13.17.30:184][  0]LogMemory: Process Physical Memory: 100.82 MB used, 100.82 MB peak
[2019.12.11-13.17.30:184][  0]LogMemory: Process Virtual Memory: 100.50 MB used, 100.50 MB peak
[2019.12.11-13.17.30:184][  0]LogMemory: Physical Memory: 4515.50 MB used,  11753.56 MB free, 16269.06 MB total
[2019.12.11-13.17.30:184][  0]LogMemory: Virtual Memory: 4668.62 MB used,  134213056.00 MB free, 134217728.00 MB total
[2019.12.11-13.17.30:188][  0]LogWindows: WindowsPlatformFeatures enabled
[2019.12.11-13.17.30:236][  0]LogInit: Using OS detected language (fr-FR).
[2019.12.11-13.17.30:236][  0]LogInit: Using OS detected locale (fr-FR).
[2019.12.11-13.17.30:238][  0]LogTextLocalizationManager: No specific localization for 'fr-FR' exists, so the 'fr' localization will be used.
[2019.12.11-13.17.30:239][  0]LogTextLocalizationResource: LocRes '../../../Engine/Content/Localization/Editor/fr/Editor.locres' could not be opened for reading!
[2019.12.11-13.17.30:239][  0]LogTextLocalizationResource: LocRes '../../../Engine/Content/Localization/EditorTutorials/fr/EditorTutorials.locres' could not be opened for reading!
[2019.12.11-13.17.30:239][  0]LogTextLocalizationResource: LocRes '../../../Engine/Content/Localization/Keywords/fr/Keywords.locres' could not be opened for reading!
[2019.12.11-13.17.30:239][  0]LogTextLocalizationResource: LocRes '../../../Engine/Content/Localization/Category/fr/Category.locres' could not be opened for reading!
[2019.12.11-13.17.30:240][  0]LogTextLocalizationResource: LocRes '../../../Engine/Content/Localization/ToolTips/fr/ToolTips.locres' could not be opened for reading!
[2019.12.11-13.17.30:240][  0]LogTextLocalizationResource: LocRes '../../../Engine/Content/Localization/PropertyNames/fr/PropertyNames.locres' could not be opened for reading!
[2019.12.11-13.17.30:240][  0]LogTextLocalizationResource: LocRes '../../../Engine/Content/Localization/Engine/fr/Engine.locres' could not be opened for reading!
[2019.12.11-13.17.30:242][  0]LogInit: Setting process to per monitor DPI aware
[2019.12.11-13.17.30:297][  0]LogSlate: New Slate User Created.  User Index 0, Is Virtual User: 0
[2019.12.11-13.17.30:297][  0]LogSlate: Slate User Registered.  User Index 0, Is Virtual User: 0
[2019.12.11-13.17.30:646][  0]LogHMD: Failed to initialize OpenVR with code 110
[2019.12.11-13.17.30:646][  0]LogD3D11RHI: D3D11 adapters:
[2019.12.11-13.17.31:378][  0]LogD3D11RHI:    0. 'NVIDIA GeForce GTX 860M' (Feature Level 11_0)
[2019.12.11-13.17.31:378][  0]LogD3D11RHI:       2007/0/8134 MB DedicatedVideo/DedicatedSystem/SharedSystem, Outputs:1, VendorId:0x10de
[2019.12.11-13.17.31:386][  0]LogD3D11RHI:    1. 'Intel(R) HD Graphics 4600' (Feature Level 11_0)
[2019.12.11-13.17.31:386][  0]LogD3D11RHI:       112/0/2048 MB DedicatedVideo/DedicatedSystem/SharedSystem, Outputs:0, VendorId:0x8086
[2019.12.11-13.17.31:389][  0]LogD3D11RHI:    2. 'Microsoft Basic Render Driver' (Feature Level 11_0)
[2019.12.11-13.17.31:389][  0]LogD3D11RHI:       0/0/8134 MB DedicatedVideo/DedicatedSystem/SharedSystem, Outputs:0, VendorId:0x1414
[2019.12.11-13.17.31:389][  0]LogD3D11RHI: Chosen D3D11 Adapter: 0
[2019.12.11-13.17.31:431][  0]LogD3D11RHI: Creating new Direct3DDevice
[2019.12.11-13.17.31:431][  0]LogD3D11RHI:     GPU DeviceId: 0x119a (for the marketing name, search the web for "GPU Device Id")
[2019.12.11-13.17.31:431][  0]LogWindows: EnumDisplayDevices:
[2019.12.11-13.17.31:432][  0]LogWindows:    0. 'Intel(R) HD Graphics 4600' (P:1 D:1)
[2019.12.11-13.17.31:432][  0]LogWindows:    1. 'Intel(R) HD Graphics 4600' (P:0 D:0)
[2019.12.11-13.17.31:433][  0]LogWindows:    2. 'Intel(R) HD Graphics 4600' (P:0 D:0)
[2019.12.11-13.17.31:433][  0]LogWindows:    3. 'NVIDIA GeForce GTX 860M' (P:0 D:0)
[2019.12.11-13.17.31:434][  0]LogWindows:    4. 'NVIDIA GeForce GTX 860M' (P:0 D:0)
[2019.12.11-13.17.31:435][  0]LogWindows:    5. 'NVIDIA GeForce GTX 860M' (P:0 D:0)
[2019.12.11-13.17.31:435][  0]LogWindows:    6. 'NVIDIA GeForce GTX 860M' (P:0 D:0)
[2019.12.11-13.17.31:435][  0]LogWindows: DebugString: PrimaryIsNotTheChoosenAdapter PrimaryIsNotTheChoosenAdapter PrimaryIsNotTheChoosenAdapter FoundDriverCount:4 
[2019.12.11-13.17.31:436][  0]LogD3D11RHI:     Adapter Name: NVIDIA GeForce GTX 860M
[2019.12.11-13.17.31:436][  0]LogD3D11RHI:   Driver Version: 417.35 (internal:25.21.14.1735, unified:417.35)
[2019.12.11-13.17.31:436][  0]LogD3D11RHI:      Driver Date: 12-11-2018
[2019.12.11-13.17.31:436][  0]LogRHI: Texture pool is 1405 MB (70% of 2007 MB)
[2019.12.11-13.17.31:492][  0]LogD3D11RHI: Async texture creation enabled
[2019.12.11-13.17.31:513][  0]LogD3D11RHI: GPU Timing Frequency: 1000.000000 (Debug: 2 2)
[2019.12.11-13.17.31:927][  0]LogTemp: Display: Module 'AllDesktopTargetPlatform' loaded TargetPlatform 'AllDesktop'
[2019.12.11-13.17.31:940][  0]LogTemp: Display: Module 'MacClientTargetPlatform' loaded TargetPlatform 'MacClient'
[2019.12.11-13.17.31:956][  0]LogTemp: Display: Module 'MacNoEditorTargetPlatform' loaded TargetPlatform 'MacNoEditor'
[2019.12.11-13.17.31:970][  0]LogTemp: Display: Module 'MacServerTargetPlatform' loaded TargetPlatform 'MacServer'
[2019.12.11-13.17.31:983][  0]LogTemp: Display: Module 'MacTargetPlatform' loaded TargetPlatform 'Mac'
[2019.12.11-13.17.31:996][  0]LogTemp: Display: Module 'WindowsClientTargetPlatform' loaded TargetPlatform 'WindowsClient'
[2019.12.11-13.17.32:009][  0]LogTemp: Display: Module 'WindowsNoEditorTargetPlatform' loaded TargetPlatform 'WindowsNoEditor'
[2019.12.11-13.17.32:021][  0]LogTemp: Display: Module 'WindowsServerTargetPlatform' loaded TargetPlatform 'WindowsServer'
[2019.12.11-13.17.32:029][  0]LogTemp: Display: Module 'WindowsTargetPlatform' loaded TargetPlatform 'Windows'
[2019.12.11-13.17.32:068][  0]LogTemp: Display: Module 'AndroidTargetPlatform' loaded TargetPlatform 'Android'
[2019.12.11-13.17.32:068][  0]LogTemp: Display: Module 'AndroidTargetPlatform' loaded TargetPlatform 'Android_ASTC'
[2019.12.11-13.17.32:068][  0]LogTemp: Display: Module 'AndroidTargetPlatform' loaded TargetPlatform 'Android_ATC'
[2019.12.11-13.17.32:068][  0]LogTemp: Display: Module 'AndroidTargetPlatform' loaded TargetPlatform 'Android_DXT'
[2019.12.11-13.17.32:068][  0]LogTemp: Display: Module 'AndroidTargetPlatform' loaded TargetPlatform 'Android_ETC1'
[2019.12.11-13.17.32:068][  0]LogTemp: Display: Module 'AndroidTargetPlatform' loaded TargetPlatform 'Android_ETC1a'
[2019.12.11-13.17.32:068][  0]LogTemp: Display: Module 'AndroidTargetPlatform' loaded TargetPlatform 'Android_ETC2'
[2019.12.11-13.17.32:068][  0]LogTemp: Display: Module 'AndroidTargetPlatform' loaded TargetPlatform 'Android_PVRTC'
[2019.12.11-13.17.32:068][  0]LogTemp: Display: Module 'AndroidTargetPlatform' loaded TargetPlatform 'AndroidClient'
[2019.12.11-13.17.32:068][  0]LogTemp: Display: Module 'AndroidTargetPlatform' loaded TargetPlatform 'Android_ASTCClient'
[2019.12.11-13.17.32:068][  0]LogTemp: Display: Module 'AndroidTargetPlatform' loaded TargetPlatform 'Android_ATCClient'
[2019.12.11-13.17.32:068][  0]LogTemp: Display: Module 'AndroidTargetPlatform' loaded TargetPlatform 'Android_DXTClient'
[2019.12.11-13.17.32:068][  0]LogTemp: Display: Module 'AndroidTargetPlatform' loaded TargetPlatform 'Android_ETC1Client'
[2019.12.11-13.17.32:068][  0]LogTemp: Display: Module 'AndroidTargetPlatform' loaded TargetPlatform 'Android_ETC1aClient'
[2019.12.11-13.17.32:068][  0]LogTemp: Display: Module 'AndroidTargetPlatform' loaded TargetPlatform 'Android_ETC2Client'
[2019.12.11-13.17.32:068][  0]LogTemp: Display: Module 'AndroidTargetPlatform' loaded TargetPlatform 'Android_PVRTCClient'
[2019.12.11-13.17.32:069][  0]LogTemp: Display: Module 'AndroidTargetPlatform' loaded TargetPlatform 'Android_Multi'
[2019.12.11-13.17.32:069][  0]LogTemp: Display: Module 'AndroidTargetPlatform' loaded TargetPlatform 'Android_MultiClient'
[2019.12.11-13.17.32:071][  0]LogTemp: Display: Module 'HTML5TargetPlatform' loaded TargetPlatform 'HTML5'
[2019.12.11-13.17.32:096][  0]LogTemp: Display: Module 'IOSTargetPlatform' loaded TargetPlatform 'IOSClient'
[2019.12.11-13.17.32:096][  0]LogTemp: Display: Module 'IOSTargetPlatform' loaded TargetPlatform 'IOS'
[2019.12.11-13.17.32:114][  0]LogTemp: Display: Module 'TVOSTargetPlatform' loaded TargetPlatform 'TVOSClient'
[2019.12.11-13.17.32:114][  0]LogTemp: Display: Module 'TVOSTargetPlatform' loaded TargetPlatform 'TVOS'
[2019.12.11-13.17.32:123][  0]LogTemp: Display: Module 'LinuxClientTargetPlatform' loaded TargetPlatform 'LinuxClient'
[2019.12.11-13.17.32:132][  0]LogTemp: Display: Module 'LinuxNoEditorTargetPlatform' loaded TargetPlatform 'LinuxNoEditor'
[2019.12.11-13.17.32:142][  0]LogTemp: Display: Module 'LinuxServerTargetPlatform' loaded TargetPlatform 'LinuxServer'
[2019.12.11-13.17.32:152][  0]LogTemp: Display: Module 'LinuxTargetPlatform' loaded TargetPlatform 'Linux'
[2019.12.11-13.17.32:193][  0]LogTemp: Display: Module 'LuminTargetPlatform' loaded TargetPlatform 'Lumin'
[2019.12.11-13.17.32:193][  0]LogTemp: Display: Module 'LuminTargetPlatform' loaded TargetPlatform 'LuminClient'
[2019.12.11-13.17.32:193][  0]LogTargetPlatformManager: Display: Building Assets For Windows
[2019.12.11-13.17.32:209][  0]LogAudioDebug: Display: Lib vorbis DLL was dynamically loaded.
[2019.12.11-13.17.32:307][  0]LogShaderCompilers: Guid format shader working directory is -29 characters bigger than the processId version (../../../../../../Users/Noah/Documents/GitHub/ShooterRogue/SpaceRoguelike/Intermediate/Shaders/WorkingDirectory/16080/).
[2019.12.11-13.17.32:308][  0]LogShaderCompilers: Cleaned the shader compiler working directory 'C:/Users/Noah/AppData/Local/Temp/UnrealShaderWorkingDir/CD1ED8CF48DEA989C0F1ECBDE15B5F9A/'.
[2019.12.11-13.17.32:312][  0]LogXGEController: Cleaning working directory: C:/Users/Noah/AppData/Local/Temp/UnrealXGEWorkingDir/
[2019.12.11-13.17.32:313][  0]LogXGEController: Cannot use XGE Controller as Incredibuild is not installed on this machine.
[2019.12.11-13.17.32:313][  0]LogShaderCompilers: Cannot use XGE Shader Compiler as Incredibuild is not installed on this machine.
[2019.12.11-13.17.32:313][  0]LogShaderCompilers: Display: Using Local Shader Compiler.
[2019.12.11-13.17.33:065][  0]LogDerivedDataCache: Display: Max Cache Size: 512 MB
[2019.12.11-13.17.33:136][  0]LogDerivedDataCache: Loaded boot cache 0.07s 73MB C:/Users/Noah/AppData/Local/UnrealEngine/4.23/DerivedDataCache/Boot.ddc.
[2019.12.11-13.17.33:136][  0]LogDerivedDataCache: Display: Loaded Boot cache: C:/Users/Noah/AppData/Local/UnrealEngine/4.23/DerivedDataCache/Boot.ddc
[2019.12.11-13.17.33:136][  0]LogDerivedDataCache: FDerivedDataBackendGraph:  Pak pak cache file ../../../../../../Users/Noah/Documents/GitHub/ShooterRogue/SpaceRoguelike/DerivedDataCache/DDC.ddp not found, will not use a pak cache.
[2019.12.11-13.17.33:136][  0]LogDerivedDataCache: Unable to find inner node Pak for hierarchical cache Hierarchy.
[2019.12.11-13.17.33:136][  0]LogDerivedDataCache: FDerivedDataBackendGraph:  CompressedPak pak cache file ../../../../../../Users/Noah/Documents/GitHub/ShooterRogue/SpaceRoguelike/DerivedDataCache/Compressed.ddp not found, will not use a pak cache.
[2019.12.11-13.17.33:136][  0]LogDerivedDataCache: Unable to find inner node CompressedPak for hierarchical cache Hierarchy.
[2019.12.11-13.17.33:149][  0]LogDerivedDataCache: Display: Pak cache opened for reading ../../../Engine/DerivedDataCache/Compressed.ddp.
[2019.12.11-13.17.33:149][  0]LogDerivedDataCache: FDerivedDataBackendGraph:  EnterprisePak pak cache file ../../../Enterprise/DerivedDataCache/Compressed.ddp not found, will not use a pak cache.
[2019.12.11-13.17.33:149][  0]LogDerivedDataCache: Unable to find inner node EnterprisePak for hierarchical cache Hierarchy.
[2019.12.11-13.17.33:150][  0]LogDerivedDataCache: Using Local data cache path C:/Users/Noah/AppData/Local/UnrealEngine/Common/DerivedDataCache: Writable
[2019.12.11-13.17.33:150][  0]LogDerivedDataCache: Shared data cache path not found in *engine.ini, will not use an Shared cache.
[2019.12.11-13.17.33:150][  0]LogDerivedDataCache: Unable to find inner node Shared for hierarchical cache Hierarchy.
[2019.12.11-13.17.33:174][  0]LogMaterial: Verifying Global Shaders for PCD3D_SM5
[2019.12.11-13.17.33:176][  0]LogSlate: Using FreeType 2.6.0
[2019.12.11-13.17.33:177][  0]LogSlate: SlateFontServices - WITH_FREETYPE: 1, WITH_HARFBUZZ: 1
[2019.12.11-13.17.33:276][  0]LogAssetRegistry: FAssetRegistry took 0.0030 seconds to start up
[2019.12.11-13.17.33:581][  0]LogInit: Selected Device Profile: [Windows]
[2019.12.11-13.17.33:795][  0]LogMeshReduction: Using QuadricMeshReduction for automatic static mesh reduction
[2019.12.11-13.17.33:795][  0]LogMeshReduction: Using SimplygonMeshReduction for automatic skeletal mesh reduction
[2019.12.11-13.17.33:795][  0]LogMeshReduction: Using ProxyLODMeshReduction for automatic mesh merging
[2019.12.11-13.17.33:795][  0]LogMeshReduction: No distributed automatic mesh merging module available
[2019.12.11-13.17.33:795][  0]LogMeshMerging: No distributed automatic mesh merging module available
[2019.12.11-13.17.33:807][  0]LogNetVersion: SpaceRoguelike 1.0.0, NetCL: 8386587, EngineNetVer: 11, GameNetVer: 0 (Checksum: 151157588)
[2019.12.11-13.17.34:399][  0]LogPackageLocalizationCache: Processed 12 localized package path(s) for 1 prioritized culture(s) in 0.049285 seconds
[2019.12.11-13.17.34:408][  0]LogUObjectArray: 43444 objects as part of root set at end of initial load.
[2019.12.11-13.17.34:408][  0]LogUObjectAllocator: 7548648 out of 0 bytes used by permanent object pool.
[2019.12.11-13.17.34:408][  0]LogUObjectArray: CloseDisregardForGC: 0/0 objects in disregard for GC pool
[2019.12.11-13.17.35:825][  0]LogTcpMessaging: Initializing TcpMessaging bridge
[2019.12.11-13.17.35:829][  0]LogUdpMessaging: Initializing bridge on interface 0.0.0.0:0 to multicast group 230.0.0.1:6666.
[2019.12.11-13.17.35:900][  0]SourceControl: Source control is disabled
[2019.12.11-13.17.35:900][  0]SourceControl: Source control is disabled
[2019.12.11-13.17.35:902][  0]SourceControl: Source control is disabled
[2019.12.11-13.17.35:903][  0]SourceControl: Source control is disabled
[2019.12.11-13.17.36:026][  0]LogAndroidPermission: UAndroidPermissionCallbackProxy::GetInstance
[2019.12.11-13.17.36:176][  0]LogOcInput: OculusInput pre-init called
[2019.12.11-13.17.36:185][  0]LogWindows: Failed to load 'OVRPlugin.dll' (GetLastError=126)
[2019.12.11-13.17.36:185][  0]LogWindows: File 'OVRPlugin.dll' does not exist
[2019.12.11-13.17.36:275][  0]LogEngine: Initializing Engine...
[2019.12.11-13.17.36:276][  0]LogHMD: Failed to initialize OpenVR with code 110
[2019.12.11-13.17.36:277][  0]LogStats: UGameplayTagsManager::InitializeManager -  0.000 s
[2019.12.11-13.17.36:531][  0]LogInit: Initializing FReadOnlyCVARCache
[2019.12.11-13.17.36:555][  0]LogAIModule: Creating AISystem for world Untitled
[2019.12.11-13.17.36:572][  0]LogInit: XAudio2 using 'Haut-parleurs / écouteurs (Realtek High Definition Audio)' : 2 channels at 48 kHz using 32 bits per sample (channel mask 0x3)
[2019.12.11-13.17.36:610][  0]LogInit: FAudioDevice initialized.
[2019.12.11-13.17.36:610][  0]LogNetVersion: Set ProjectVersion to 1.0.0.0. Version Checksum will be recalculated on next use.
[2019.12.11-13.17.36:801][  0]LogDerivedDataCache: Saved boot cache 0.19s 73MB C:/Users/Noah/AppData/Local/UnrealEngine/4.23/DerivedDataCache/Boot.ddc.
[2019.12.11-13.17.36:810][  0]LogInit: Texture streaming: Enabled
[2019.12.11-13.17.36:850][  0]LogEngineSessionManager: EngineSessionManager initialized
[2019.12.11-13.17.36:850][  0]LogEditorSessionSummary: Verbose: Initializing EditorSessionSummaryWriter for editor session tracking
[2019.12.11-13.17.36:861][  0]LogEditorSessionSummary: EditorSessionSummaryWriter initialized
[2019.12.11-13.17.36:931][  0]LogInit: Transaction tracking system initialized
[2019.12.11-13.17.36:993][  0]BlueprintLog: New page: Editor Load
[2019.12.11-13.17.37:142][  0]LocalizationService: Localization service is disabled
[2019.12.11-13.17.37:470][  0]LogCook: Display: Max memory allowance for cook 16384mb min free memory 0mb
[2019.12.11-13.17.37:470][  0]LogCook: Display: Mobile HDR setting 1
[2019.12.11-13.17.37:643][  0]LogFileCache: Scanning file cache for directory 'C:/Users/Noah/Documents/GitHub/ShooterRogue/SpaceRoguelike/Content/' took 0.02s
[2019.12.11-13.17.37:739][  0]SourceControl: Source control is disabled
[2019.12.11-13.17.37:739][  0]Cmd: MAP LOAD FILE="../../../../../../Users/Noah/Documents/GitHub/ShooterRogue/SpaceRoguelike/Content/Maps/Scene/Level-Tuto.umap" TEMPLATE=0 SHOWPROGRESS=1 FEATURELEVEL=3
[2019.12.11-13.17.37:739][  0]LightingResults: New page: Lighting Build
[2019.12.11-13.17.37:745][  0]LogWorld: UWorld::CleanupWorld for Untitled, bSessionEnded=true, bCleanupResources=true
[2019.12.11-13.17.37:745][  0]MapCheck: New page: Map Check
[2019.12.11-13.17.37:745][  0]LightingResults: New page: Lighting Build
[2019.12.11-13.17.37:778][  0]LogUObjectHash: Compacting FUObjectHashTables data took   2.08ms
[2019.12.11-13.17.38:526][  0]LogAIModule: Creating AISystem for world Level-Tuto
[2019.12.11-13.17.38:666][  0]LogEditorServer: Finished looking for orphan Actors (0.000 secs)
[2019.12.11-13.17.38:700][  0]LogUObjectHash: Compacting FUObjectHashTables data took   2.96ms
[2019.12.11-13.17.38:700][  0]Cmd: MAP CHECKDEP NOCLEARLOG
[2019.12.11-13.17.38:700][  0]MapCheck: Map check complete: 0 Error(s), 0 Warning(s), took 0,195ms to complete.
[2019.12.11-13.17.38:700][  0]LogFileHelpers: Loading map 'Level-Tuto' took 0.962
[2019.12.11-13.17.38:838][  0]LogSlate: Updating window title bar state: overlay mode, drag disabled, window buttons hidden, title bar hidden
[2019.12.11-13.17.38:846][  0]LogSlate: Updating window title bar state: overlay mode, drag disabled, window buttons hidden, title bar hidden
[2019.12.11-13.17.38:853][  0]LogSlate: Updating window title bar state: overlay mode, drag disabled, window buttons hidden, title bar hidden
[2019.12.11-13.17.38:861][  0]LogSlate: Updating window title bar state: overlay mode, drag disabled, window buttons hidden, title bar hidden
[2019.12.11-13.17.38:875][  0]LogCollectionManager: Loaded 0 collections in 0.004542 seconds
[2019.12.11-13.17.38:883][  0]LogFileCache: Scanning file cache for directory 'C:/Users/Noah/Documents/GitHub/ShooterRogue/SpaceRoguelike/Saved/Collections/' took 0.00s
[2019.12.11-13.17.38:884][  0]LogFileCache: Scanning file cache for directory 'C:/Users/Noah/Documents/GitHub/ShooterRogue/SpaceRoguelike/Content/Developers/Noah/Collections/' took 0.00s
[2019.12.11-13.17.38:884][  0]LogFileCache: Scanning file cache for directory 'C:/Users/Noah/Documents/GitHub/ShooterRogue/SpaceRoguelike/Content/Collections/' took 0.00s
[2019.12.11-13.17.38:884][  0]LogCollectionManager: Rebuilt the GUID cache for 0 collections in 0.000001 seconds
[2019.12.11-13.17.38:892][  0]LogContentBrowser: Native class hierarchy populated in 0.0084 seconds. Added 2863 classes and 680 folders.
[2019.12.11-13.17.38:904][  0]LogContentBrowser: Native class hierarchy updated for 'WidgetCarousel' in 0.0003 seconds. Added 0 classes and 0 folders.
[2019.12.11-13.17.39:010][  0]LogContentBrowser: Native class hierarchy updated for 'AddContentDialog' in 0.0002 seconds. Added 0 classes and 0 folders.
[2019.12.11-13.17.39:018][  0]LogContentBrowser: Native class hierarchy updated for 'SceneOutliner' in 0.0003 seconds. Added 1 classes and 2 folders.
[2019.12.11-13.17.39:043][  0]LogSlate: Took 0.000358 seconds to synchronously load lazily loaded font '../../../Engine/Content/Slate/Fonts/Roboto-Regular.ttf' (155K)
[2019.12.11-13.17.39:047][  0]LogSlate: Took 0.000297 seconds to synchronously load lazily loaded font '../../../Engine/Content/Slate/Fonts/Roboto-Bold.ttf' (160K)
[2019.12.11-13.17.39:054][  0]LogSlate: Took 0.000503 seconds to synchronously load lazily loaded font '../../../Engine/Content/Editor/Slate/Fonts/FontAwesome.ttf' (139K)
[2019.12.11-13.17.39:120][  0]LogRenderer: Reallocating scene render targets to support 1004x456 Format 10 NumSamples 1 (Frame:1).
[2019.12.11-13.17.39:153][  0]LogSlate: Took 0.000491 seconds to synchronously load lazily loaded font '../../../Engine/Content/Slate/Fonts/Roboto-Light.ttf' (167K)
[2019.12.11-13.17.39:223][  0]LogContentBrowser: Native class hierarchy updated for 'HierarchicalLODOutliner' in 0.0003 seconds. Added 0 classes and 0 folders.
[2019.12.11-13.17.39:223][  0]LogLoad: (Engine Initialization) Total time: 12.38 seconds
[2019.12.11-13.17.39:223][  0]LogLoad: (Engine Initialization) Total Blueprint compile time: 0.00 seconds
[2019.12.11-13.17.39:305][  0]LogContentStreaming: Texture pool size now 1000 MB
[2019.12.11-13.17.39:337][  0]LogSlate: Took 0.000219 seconds to synchronously load lazily loaded font '../../../Engine/Content/Slate/Fonts/Roboto-Light.ttf' (167K)
[2019.12.11-13.17.39:380][  1]LogAssetRegistry: Asset discovery search completed in 6.1046 seconds
[2019.12.11-13.17.39:384][  1]LogCollectionManager: Rebuilt the object cache for 0 collections in 0.000005 seconds (found 0 objects)
[2019.12.11-13.17.39:384][  1]LogCollectionManager: Fixed up redirectors for 0 collections in 0.000082 seconds (updated 0 objects)
[2019.12.11-13.17.42:443][350]LogSlate: FSceneViewport::OnFocusLost() reason 0
[2019.12.11-13.17.42:613][368]LogAssetEditorManager: Opening Asset editor for Blueprint /Game/Blueprints/BP_LVL1_TileMap.BP_LVL1_TileMap
[2019.12.11-13.17.42:872][368]LogContentBrowser: Native class hierarchy updated for 'BlueprintGraph' in 0.0006 seconds. Added 121 classes and 0 folders.
[2019.12.11-13.17.43:880][368]LogSlate: Took 0.000346 seconds to synchronously load lazily loaded font '../../../Engine/Content/Slate/Fonts/Roboto-BoldCondensed.ttf' (158K)
[2019.12.11-13.17.45:457][489]LogRenderer: Reallocating scene render targets to support 1004x564 Format 10 NumSamples 1 (Frame:1).
[2019.12.11-13.18.21:622][598]LogSlate: FSceneViewport::OnFocusLost() reason 0
[2019.12.11-13.18.25:950][928]LogAssetEditorManager: Opening Asset editor for PaperTileMap /Game/Maps/TileMaps/TM_LVL1_5E.TM_LVL1_5E
[2019.12.11-13.18.26:062][928]LogRenderer: Reallocating scene render targets to support 1004x720 Format 10 NumSamples 1 (Frame:1).
[2019.12.11-13.18.39:233][503]LogEditorSessionSummary: EditorSessionSummary sent report. Type=Shutdown, SessionId={E099DEE6-474D-CDE5-729F-BBA6D7976472}
[2019.12.11-13.18.40:708][679]LogSlate: FSceneViewport::OnFocusLost() reason 0
[2019.12.11-13.18.43:093][962]LogSlate: FSceneViewport::OnFocusLost() reason 0
[2019.12.11-13.18.57:385][669]Cmd: TRANSACTION UNDO
[2019.12.11-13.18.57:386][669]LogEditorTransaction: Undo Tile Erasing
[2019.12.11-13.18.58:747][823]Cmd: TRANSACTION UNDO
[2019.12.11-13.18.58:747][823]LogEditorTransaction: Undo Tile Erasing
[2019.12.11-13.18.58:956][848]Cmd: TRANSACTION UNDO
[2019.12.11-13.18.58:956][848]LogEditorTransaction: Undo Tile Erasing
[2019.12.11-13.18.59:164][873]Cmd: TRANSACTION UNDO
[2019.12.11-13.18.59:164][873]LogEditorTransaction: Undo Tile Erasing
[2019.12.11-13.19.00:289][  8]Cmd: TRANSACTION UNDO
[2019.12.11-13.19.00:289][  8]LogEditorTransaction: Undo Tile Erasing
[2019.12.11-13.19.00:489][ 32]Cmd: TRANSACTION UNDO
[2019.12.11-13.19.00:489][ 32]LogEditorTransaction: Undo Tile Erasing
[2019.12.11-13.19.00:706][ 58]Cmd: TRANSACTION UNDO
[2019.12.11-13.19.00:706][ 58]LogEditorTransaction: Undo Tile Erasing
[2019.12.11-13.19.00:914][ 83]Cmd: TRANSACTION UNDO
[2019.12.11-13.19.00:914][ 83]LogEditorTransaction: Undo Tile Erasing
[2019.12.11-13.19.01:141][110]Cmd: TRANSACTION UNDO
[2019.12.11-13.19.01:141][110]LogEditorTransaction: Undo Tile Erasing
[2019.12.11-13.19.01:365][136]Cmd: TRANSACTION UNDO
[2019.12.11-13.19.01:365][136]LogEditorTransaction: Undo Tile Erasing
[2019.12.11-13.19.01:596][163]Cmd: TRANSACTION UNDO
[2019.12.11-13.19.01:596][163]LogEditorTransaction: Undo Tile Erasing
[2019.12.11-13.19.01:846][193]Cmd: TRANSACTION UNDO
[2019.12.11-13.19.01:846][193]LogEditorTransaction: Undo Tile Erasing
[2019.12.11-13.19.02:104][224]Cmd: TRANSACTION UNDO
[2019.12.11-13.19.02:104][224]LogEditorTransaction: Undo Tile Erasing
[2019.12.11-13.19.02:354][254]Cmd: TRANSACTION UNDO
[2019.12.11-13.19.02:354][254]LogEditorTransaction: Undo Tile Erasing
[2019.12.11-13.19.02:671][292]Cmd: TRANSACTION UNDO
[2019.12.11-13.19.02:671][292]LogEditorTransaction: Undo Tile Erasing
[2019.12.11-13.19.27:767][302]Cmd: TRANSACTION UNDO
[2019.12.11-13.19.27:767][302]LogEditorTransaction: Undo Tile Erasing
[2019.12.11-13.19.28:203][347]Cmd: TRANSACTION UNDO
[2019.12.11-13.19.28:203][347]LogEditorTransaction: Undo Tile Erasing
[2019.12.11-13.19.28:494][380]Cmd: TRANSACTION UNDO
[2019.12.11-13.19.28:494][380]LogEditorTransaction: Undo Tile Erasing
[2019.12.11-13.19.28:763][412]Cmd: TRANSACTION UNDO
[2019.12.11-13.19.28:763][412]LogEditorTransaction: Undo Tile Erasing
[2019.12.11-13.19.28:994][439]Cmd: TRANSACTION UNDO
[2019.12.11-13.19.28:994][439]LogEditorTransaction: Undo Tile Erasing
[2019.12.11-13.19.29:194][463]Cmd: TRANSACTION UNDO
[2019.12.11-13.19.29:194][463]LogEditorTransaction: Undo Tile Erasing
[2019.12.11-13.19.29:402][488]Cmd: TRANSACTION UNDO
[2019.12.11-13.19.29:402][488]LogEditorTransaction: Undo Tile Erasing
[2019.12.11-13.19.29:594][511]Cmd: TRANSACTION UNDO
[2019.12.11-13.19.29:594][511]LogEditorTransaction: Undo Tile Erasing
[2019.12.11-13.19.29:802][536]Cmd: TRANSACTION UNDO
[2019.12.11-13.19.29:802][536]LogEditorTransaction: Undo Tile Erasing
[2019.12.11-13.19.30:002][560]Cmd: TRANSACTION UNDO
[2019.12.11-13.19.30:002][560]LogEditorTransaction: Undo Tile Erasing
[2019.12.11-13.19.30:202][584]Cmd: TRANSACTION UNDO
[2019.12.11-13.19.30:202][584]LogEditorTransaction: Undo Tile Erasing
[2019.12.11-13.19.30:427][611]Cmd: TRANSACTION UNDO
[2019.12.11-13.19.30:427][611]LogEditorTransaction: Undo Tile Erasing
[2019.12.11-13.19.46:780][571]LogSlate: FSceneViewport::OnFocusLost() reason 0
[2019.12.11-13.19.46:871][579]Cmd: OBJ SAVEPACKAGE PACKAGE="/Game/Maps/TileMaps/TM_LVL1_5E" FILE="../../../../../../Users/Noah/Documents/GitHub/ShooterRogue/SpaceRoguelike/Content/Maps/TileMaps/TM_LVL1_5E.uasset" SILENT=true
[2019.12.11-13.19.47:083][579]LogSavePackage: Moving '../../../../../../Users/Noah/Documents/GitHub/ShooterRogue/SpaceRoguelike/Saved/TM_LVL1_5E66735EE84B19D89FA57D7E8D065DB191.tmp' to '../../../../../../Users/Noah/Documents/GitHub/ShooterRogue/SpaceRoguelike/Content/Maps/TileMaps/TM_LVL1_5E.uasset'
[2019.12.11-13.19.57:905][551]LogSlate: FSceneViewport::OnFocusLost() reason 5
[2019.12.11-13.20.03:195][ 70]LogSlate: FSceneViewport::OnFocusLost() reason 5
[2019.12.11-13.20.12:134][100]LogSlate: FSceneViewport::OnFocusLost() reason 0
[2019.12.11-13.20.23:027][345]LogAssetEditorManager: Opening Asset editor for PaperTileMap /Game/Maps/TileMaps/TM_LVL1_5F.TM_LVL1_5F
[2019.12.11-13.21.21:663][420]LogSlate: FSceneViewport::OnFocusLost() reason 0
[2019.12.11-13.21.32:438][461]Cmd: TRANSACTION UNDO
[2019.12.11-13.21.32:439][461]LogEditorTransaction: Undo Tile Painting
[2019.12.11-13.21.32:724][480]Cmd: TRANSACTION UNDO
[2019.12.11-13.21.32:724][480]LogEditorTransaction: Undo Tile Painting
[2019.12.11-13.21.32:938][493]Cmd: TRANSACTION UNDO
[2019.12.11-13.21.32:938][493]LogEditorTransaction: Undo Tile Painting
[2019.12.11-13.21.37:626][936]LogSlate: FSceneViewport::OnFocusLost() reason 0
[2019.12.11-13.21.47:345][850]LogSlate: FSceneViewport::OnFocusLost() reason 0
[2019.12.11-13.21.48:913][977]LogSlate: FSceneViewport::OnFocusLost() reason 0
[2019.12.11-13.21.53:307][346]Cmd: TRANSACTION UNDO
[2019.12.11-13.21.53:307][346]LogEditorTransaction: Undo Tile Paint Bucket
[2019.12.11-13.21.53:994][389]Cmd: TRANSACTION UNDO
[2019.12.11-13.21.53:995][389]LogEditorTransaction: Undo Tile Painting
[2019.12.11-13.21.54:361][418]Cmd: TRANSACTION UNDO
[2019.12.11-13.21.54:361][418]LogEditorTransaction: Undo Tile Painting
[2019.12.11-13.21.54:614][439]Cmd: TRANSACTION UNDO
[2019.12.11-13.21.54:614][439]LogEditorTransaction: Undo Tile Painting
[2019.12.11-13.21.54:841][457]Cmd: TRANSACTION UNDO
[2019.12.11-13.21.54:842][457]LogEditorTransaction: Undo Tile Painting
[2019.12.11-13.21.55:841][541]Cmd: TRANSACTION UNDO
[2019.12.11-13.21.55:841][541]LogEditorTransaction: Undo Tile Painting
[2019.12.11-13.21.56:030][556]Cmd: TRANSACTION UNDO
[2019.12.11-13.21.56:030][556]LogEditorTransaction: Undo Tile Painting
[2019.12.11-13.21.56:219][571]Cmd: TRANSACTION UNDO
[2019.12.11-13.21.56:219][571]LogEditorTransaction: Undo Tile Painting
[2019.12.11-13.21.56:408][586]Cmd: TRANSACTION UNDO
[2019.12.11-13.21.56:408][586]LogEditorTransaction: Undo Tile Painting
[2019.12.11-13.21.57:299][661]Cmd: TRANSACTION UNDO
[2019.12.11-13.21.57:299][661]LogEditorTransaction: Undo Tile Painting
[2019.12.11-13.21.57:439][672]Cmd: TRANSACTION UNDO
[2019.12.11-13.21.57:439][672]LogEditorTransaction: Undo Tile Painting
[2019.12.11-13.21.57:579][683]Cmd: TRANSACTION UNDO
[2019.12.11-13.21.57:579][683]LogEditorTransaction: Undo Tile Painting
[2019.12.11-13.21.57:701][692]Cmd: TRANSACTION UNDO
[2019.12.11-13.21.57:701][692]LogEditorTransaction: Undo Tile Painting
[2019.12.11-13.21.57:827][702]Cmd: TRANSACTION UNDO
[2019.12.11-13.21.57:827][702]LogEditorTransaction: Undo Tile Painting
[2019.12.11-13.21.57:943][711]Cmd: TRANSACTION UNDO
[2019.12.11-13.21.57:943][711]LogEditorTransaction: Undo Tile Painting
[2019.12.11-13.21.58:059][720]Cmd: TRANSACTION UNDO
[2019.12.11-13.21.58:059][720]LogEditorTransaction: Undo Tile Painting
[2019.12.11-13.21.58:203][731]Cmd: TRANSACTION UNDO
[2019.12.11-13.21.58:203][731]LogEditorTransaction: Undo Tile Painting
[2019.12.11-13.21.58:330][741]Cmd: TRANSACTION UNDO
[2019.12.11-13.21.58:330][741]LogEditorTransaction: Undo Tile Painting
[2019.12.11-13.21.58:483][753]Cmd: TRANSACTION UNDO
[2019.12.11-13.21.58:483][753]LogEditorTransaction: Undo Tile Painting
[2019.12.11-13.21.58:622][764]Cmd: TRANSACTION UNDO
[2019.12.11-13.21.58:622][764]LogEditorTransaction: Undo Tile Painting
[2019.12.11-13.21.58:762][775]Cmd: TRANSACTION UNDO
[2019.12.11-13.21.58:762][775]LogEditorTransaction: Undo Tile Painting
[2019.12.11-13.21.59:125][805]Cmd: TRANSACTION UNDO
[2019.12.11-13.21.59:125][805]LogEditorTransaction: Undo Tile Painting
[2019.12.11-13.21.59:300][819]Cmd: TRANSACTION UNDO
[2019.12.11-13.21.59:300][819]LogEditorTransaction: Undo Tile Painting
[2019.12.11-13.21.59:418][828]Cmd: TRANSACTION UNDO
[2019.12.11-13.21.59:418][828]LogEditorTransaction: Undo Tile Painting
[2019.12.11-13.21.59:560][839]Cmd: TRANSACTION UNDO
[2019.12.11-13.21.59:560][839]LogEditorTransaction: Undo Tile Painting
[2019.12.11-13.21.59:707][850]Cmd: TRANSACTION UNDO
[2019.12.11-13.21.59:708][850]LogEditorTransaction: Undo Tile Painting
[2019.12.11-13.21.59:848][861]Cmd: TRANSACTION UNDO
[2019.12.11-13.21.59:848][861]LogEditorTransaction: Undo Tile Painting
[2019.12.11-13.21.59:989][872]Cmd: TRANSACTION UNDO
[2019.12.11-13.21.59:989][872]LogEditorTransaction: Undo Tile Painting
[2019.12.11-13.22.00:125][882]Cmd: TRANSACTION UNDO
[2019.12.11-13.22.00:125][882]LogEditorTransaction: Undo Tile Painting
[2019.12.11-13.22.00:272][893]Cmd: TRANSACTION UNDO
[2019.12.11-13.22.00:272][893]LogEditorTransaction: Undo Tile Painting
[2019.12.11-13.22.00:409][903]Cmd: TRANSACTION UNDO
[2019.12.11-13.22.00:409][903]LogEditorTransaction: Undo Tile Painting
[2019.12.11-13.22.00:541][913]Cmd: TRANSACTION UNDO
[2019.12.11-13.22.00:542][913]LogEditorTransaction: Undo Tile Painting
[2019.12.11-13.22.00:694][925]Cmd: TRANSACTION UNDO
[2019.12.11-13.22.00:694][925]LogEditorTransaction: Undo Tile Painting
[2019.12.11-13.22.00:840][936]Cmd: TRANSACTION UNDO
[2019.12.11-13.22.00:840][936]LogEditorTransaction: Undo Tile Painting
[2019.12.11-13.22.00:997][948]Cmd: TRANSACTION UNDO
[2019.12.11-13.22.00:997][948]LogEditorTransaction: Undo Tile Painting
[2019.12.11-13.22.01:138][959]Cmd: TRANSACTION UNDO
[2019.12.11-13.22.01:138][959]LogEditorTransaction: Undo Tile Painting
[2019.12.11-13.22.01:282][970]Cmd: TRANSACTION UNDO
[2019.12.11-13.22.01:282][970]LogEditorTransaction: Undo Tile Painting
[2019.12.11-13.22.01:441][982]Cmd: TRANSACTION UNDO
[2019.12.11-13.22.01:441][982]LogEditorTransaction: Undo Tile Painting
[2019.12.11-13.22.01:583][993]Cmd: TRANSACTION UNDO
[2019.12.11-13.22.01:583][993]LogEditorTransaction: Undo Tile Painting
[2019.12.11-13.22.01:742][  5]Cmd: TRANSACTION UNDO
[2019.12.11-13.22.01:742][  5]LogEditorTransaction: Undo Tile Painting
[2019.12.11-13.22.01:885][ 16]Cmd: TRANSACTION UNDO
[2019.12.11-13.22.01:885][ 16]LogEditorTransaction: Undo Tile Painting
[2019.12.11-13.22.02:041][ 28]Cmd: TRANSACTION UNDO
[2019.12.11-13.22.02:041][ 28]LogEditorTransaction: Undo Tile Painting
[2019.12.11-13.22.02:189][ 39]Cmd: TRANSACTION UNDO
[2019.12.11-13.22.02:189][ 39]LogEditorTransaction: Undo Tile Painting
[2019.12.11-13.22.02:334][ 50]Cmd: TRANSACTION UNDO
[2019.12.11-13.22.02:334][ 50]LogEditorTransaction: Undo Tile Painting
[2019.12.11-13.22.02:479][ 61]Cmd: TRANSACTION UNDO
[2019.12.11-13.22.02:479][ 61]LogEditorTransaction: Undo Tile Painting
[2019.12.11-13.22.02:625][ 72]Cmd: TRANSACTION UNDO
[2019.12.11-13.22.02:625][ 72]LogEditorTransaction: Undo Tile Painting
[2019.12.11-13.22.02:768][ 83]Cmd: TRANSACTION UNDO
[2019.12.11-13.22.02:768][ 83]LogEditorTransaction: Undo Tile Painting
[2019.12.11-13.22.02:920][ 95]Cmd: TRANSACTION UNDO
[2019.12.11-13.22.02:921][ 95]LogEditorTransaction: Undo Tile Painting
[2019.12.11-13.22.03:077][107]Cmd: TRANSACTION UNDO
[2019.12.11-13.22.03:077][107]LogEditorTransaction: Undo Tile Painting
[2019.12.11-13.22.03:232][119]Cmd: TRANSACTION UNDO
[2019.12.11-13.22.03:232][119]LogEditorTransaction: Undo Tile Painting
[2019.12.11-13.22.03:415][133]Cmd: TRANSACTION UNDO
[2019.12.11-13.22.03:415][133]LogEditorTransaction: Undo Tile Painting
[2019.12.11-13.22.03:572][145]Cmd: TRANSACTION UNDO
[2019.12.11-13.22.03:572][145]LogEditorTransaction: Undo Tile Painting
[2019.12.11-13.22.03:767][160]Cmd: TRANSACTION UNDO
[2019.12.11-13.22.03:767][160]LogEditorTransaction: Undo Tile Painting
[2019.12.11-13.22.04:291][202]Cmd: TRANSACTION UNDO
[2019.12.11-13.22.04:291][202]LogEditorTransaction: Undo Tile Painting
[2019.12.11-13.22.06:821][405]LogSlate: FSceneViewport::OnFocusLost() reason 0
[2019.12.11-13.22.37:708][990]Cmd: TRANSACTION UNDO
[2019.12.11-13.22.37:708][990]LogEditorTransaction: Undo Tile Painting
[2019.12.11-13.22.37:959][  4]Cmd: TRANSACTION UNDO
[2019.12.11-13.22.37:960][  4]LogEditorTransaction: Undo Tile Painting
[2019.12.11-13.22.38:187][ 15]Cmd: TRANSACTION UNDO
[2019.12.11-13.22.38:187][ 15]LogEditorTransaction: Undo Tile Painting
[2019.12.11-13.22.38:424][ 33]Cmd: TRANSACTION UNDO
[2019.12.11-13.22.38:424][ 33]LogEditorTransaction: Undo Tile Painting
[2019.12.11-13.23.38:444][254]LogSlate: FSceneViewport::OnFocusLost() reason 0
[2019.12.11-13.23.45:098][785]LogSlate: FSceneViewport::OnFocusLost() reason 0
[2019.12.11-13.23.49:294][135]LogSlate: FSceneViewport::OnFocusLost() reason 0
[2019.12.11-13.24.13:602][110]LogSlate: FSceneViewport::OnFocusLost() reason 0
[2019.12.11-13.24.24:457][954]LogSlate: FSceneViewport::OnFocusLost() reason 0
[2019.12.11-13.24.24:543][959]Cmd: OBJ SAVEPACKAGE PACKAGE="/Game/Maps/TileMaps/TM_LVL1_5F" FILE="../../../../../../Users/Noah/Documents/GitHub/ShooterRogue/SpaceRoguelike/Content/Maps/TileMaps/TM_LVL1_5F.uasset" SILENT=true
[2019.12.11-13.24.24:705][959]LogSavePackage: Moving '../../../../../../Users/Noah/Documents/GitHub/ShooterRogue/SpaceRoguelike/Saved/TM_LVL1_5F82A6890E40A57365072423A7DD77EB1E.tmp' to '../../../../../../Users/Noah/Documents/GitHub/ShooterRogue/SpaceRoguelike/Content/Maps/TileMaps/TM_LVL1_5F.uasset'
[2019.12.11-13.24.27:001][143]LogSlate: Window 'TM_LVL1_5F' being destroyed
[2019.12.11-13.24.28:643][314]LogSlate: Took 0.000485 seconds to synchronously load lazily loaded font '../../../Engine/Content/Slate/Fonts/Roboto-Italic.ttf' (157K)
[2019.12.11-13.24.39:531][433]LogSlate: FSceneViewport::OnFocusLost() reason 2
[2019.12.11-13.24.59:576][ 43]LogOutputDevice: Warning: 

Script Stack (0 frames):

[2019.12.11-13.24.59:576][ 43]LogWindows: Windows GetLastError: L’opération a réussi. (0)
[2019.12.11-13.25.01:536][ 43]LogWindows: Error: === Critical error: ===
[2019.12.11-13.25.01:536][ 43]LogWindows: Error: 
[2019.12.11-13.25.01:536][ 43]LogWindows: Error: Assertion failed: !Array [File:D:/Build/++UE4/Sync/Engine/Source/Editor/UnrealEd/Private/EditorTransaction.cpp] [Line: 171] 
[2019.12.11-13.25.01:536][ 43]LogWindows: Error: 
[2019.12.11-13.25.01:536][ 43]LogWindows: Error: 
[2019.12.11-13.25.01:536][ 43]LogWindows: Error: 
[2019.12.11-13.25.01:536][ 43]LogWindows: Error: [Callstack] 0x00007ffe5de99129 KERNELBASE.dll!UnknownFunction []
[2019.12.11-13.25.01:536][ 43]LogWindows: Error: [Callstack] 0x00007ffe022aa367 UE4Editor-Core.dll!UnknownFunction []
[2019.12.11-13.25.01:536][ 43]LogWindows: Error: [Callstack] 0x00007ffe022acbc4 UE4Editor-Core.dll!UnknownFunction []
[2019.12.11-13.25.01:536][ 43]LogWindows: Error: [Callstack] 0x00007ffe020a1ada UE4Editor-Core.dll!UnknownFunction []
[2019.12.11-13.25.01:536][ 43]LogWindows: Error: [Callstack] 0x00007ffe01ff67a3 UE4Editor-Core.dll!UnknownFunction []
[2019.12.11-13.25.01:536][ 43]LogWindows: Error: [Callstack] 0x00007ffe01ff6eb0 UE4Editor-Core.dll!UnknownFunction []
[2019.12.11-13.25.01:536][ 43]LogWindows: Error: [Callstack] 0x00007ffe00b3db66 UE4Editor-UnrealEd.dll!UnknownFunction []
[2019.12.11-13.25.01:536][ 43]LogWindows: Error: [Callstack] 0x00007ffe00b3dd17 UE4Editor-UnrealEd.dll!UnknownFunction []
[2019.12.11-13.25.01:536][ 43]LogWindows: Error: [Callstack] 0x00007ffe00b3cfe7 UE4Editor-UnrealEd.dll!UnknownFunction []
[2019.12.11-13.25.01:537][ 43]LogWindows: Error: [Callstack] 0x00007ffe01013782 UE4Editor-UnrealEd.dll!UnknownFunction []
[2019.12.11-13.25.01:537][ 43]LogWindows: Error: [Callstack] 0x00007ffe00119631 UE4Editor-Kismet.dll!UnknownFunction []
[2019.12.11-13.25.01:537][ 43]LogWindows: Error: [Callstack] 0x00007ffe00f35cdd UE4Editor-UnrealEd.dll!UnknownFunction []
[2019.12.11-13.25.01:537][ 43]LogWindows: Error: [Callstack] 0x00007ffe00b6a5c1 UE4Editor-UnrealEd.dll!UnknownFunction []
[2019.12.11-13.25.01:537][ 43]LogWindows: Error: [Callstack] 0x00007ffe00b51eb2 UE4Editor-UnrealEd.dll!UnknownFunction []
[2019.12.11-13.25.01:537][ 43]LogWindows: Error: [Callstack] 0x00007ffe000eca61 UE4Editor-Kismet.dll!UnknownFunction []
[2019.12.11-13.25.01:537][ 43]LogWindows: Error: [Callstack] 0x00007ffe000ecb11 UE4Editor-Kismet.dll!UnknownFunction []
[2019.12.11-13.25.01:537][ 43]LogWindows: Error: [Callstack] 0x00007ffdf6be1a99 UE4Editor-Engine.dll!UnknownFunction []
[2019.12.11-13.25.01:537][ 43]LogWindows: Error: [Callstack] 0x00007ffe0cdcc256 UE4Editor-Slate.dll!UnknownFunction []
[2019.12.11-13.25.01:537][ 43]LogWindows: Error: [Callstack] 0x00007ffe0cb85231 UE4Editor-Slate.dll!UnknownFunction []
[2019.12.11-13.25.01:537][ 43]LogWindows: Error: [Callstack] 0x00007ffe0cc0b4f1 UE4Editor-Slate.dll!UnknownFunction []
[2019.12.11-13.25.01:537][ 43]LogWindows: Error: [Callstack] 0x00007ffe0cbf52e8 UE4Editor-Slate.dll!UnknownFunction []
[2019.12.11-13.25.01:537][ 43]LogWindows: Error: [Callstack] 0x00007ffe0cbe9c91 UE4Editor-Slate.dll!UnknownFunction []
[2019.12.11-13.25.01:537][ 43]LogWindows: Error: [Callstack] 0x00007ffe40714e02 UE4Editor-ApplicationCore.dll!UnknownFunction []
[2019.12.11-13.25.01:537][ 43]LogWindows: Error: [Callstack] 0x00007ffe407026df UE4Editor-ApplicationCore.dll!UnknownFunction []
[2019.12.11-13.25.01:537][ 43]LogWindows: Error: [Callstack] 0x00007ffe40717340 UE4Editor-ApplicationCore.dll!UnknownFunction []
[2019.12.11-13.25.01:537][ 43]LogWindows: Error: [Callstack] 0x00007ffe406fedd0 UE4Editor-ApplicationCore.dll!UnknownFunction []
[2019.12.11-13.25.01:537][ 43]LogWindows: Error: [Callstack] 0x00007ffe600dca66 USER32.dll!UnknownFunction []
[2019.12.11-13.25.01:537][ 43]LogWindows: Error: [Callstack] 0x00007ffe600dc582 USER32.dll!UnknownFunction []
[2019.12.11-13.25.01:537][ 43]LogWindows: Error: [Callstack] 0x00007ffe407188e9 UE4Editor-ApplicationCore.dll!UnknownFunction []
[2019.12.11-13.25.01:537][ 43]LogWindows: Error: [Callstack] 0x00007ff650f26980 UE4Editor.exe!UnknownFunction []
[2019.12.11-13.25.01:537][ 43]LogWindows: Error: [Callstack] 0x00007ff650f3a91c UE4Editor.exe!UnknownFunction []
[2019.12.11-13.25.01:537][ 43]LogWindows: Error: [Callstack] 0x00007ff650f3a9fa UE4Editor.exe!UnknownFunction []
[2019.12.11-13.25.01:537][ 43]LogWindows: Error: [Callstack] 0x00007ff650f4b92c UE4Editor.exe!UnknownFunction []
[2019.12.11-13.25.01:537][ 43]LogWindows: Error: [Callstack] 0x00007ff650f4e60e UE4Editor.exe!UnknownFunction []
[2019.12.11-13.25.01:537][ 43]LogWindows: Error: [Callstack] 0x00007ffe5eea7974 KERNEL32.DLL!UnknownFunction []
[2019.12.11-13.25.01:537][ 43]LogWindows: Error: [Callstack] 0x00007ffe61afa271 ntdll.dll!UnknownFunction []
[2019.12.11-13.25.01:537][ 43]LogWindows: Error: 
[2019.12.11-13.25.01:554][ 43]LogExit: Executing StaticShutdownAfterError
[2019.12.11-13.25.01:595][ 43]LogWindows: FPlatformMisc::RequestExit(1)
[2019.12.11-13.25.01:607][ 43]Log file closed, 12/11/19 14:25:01
